The system is: Linux - 4.18.0-372.51.1.el8_6.x86_64 - x86_64
Compiling the CXX compiler identification source file "CMakeCXXCompilerId.cpp" succeeded.
Compiler: /usr/bin/c++ 
Build flags: 
Id flags:  

The output was:
0


Compilation of the CXX compiler identification source "CMakeCXXCompilerId.cpp" produced "a.out"

The CXX compiler identification is GNU, found in "/home/awwalola/Codes/Calculator/build/CMakeFiles/3.22.2/CompilerIdCXX/a.out"

Compiling the C compiler identification source file "CMakeCCompilerId.c" succeeded.
Compiler: /usr/bin/cc 
Build flags: 
Id flags:  

The output was:
0


Compilation of the C compiler identification source "CMakeCCompilerId.c" produced "a.out"

The C compiler identification is GNU, found in "/home/awwalola/Codes/Calculator/build/CMakeFiles/3.22.2/CompilerIdC/a.out"

Detecting CXX compiler ABI info compiled with the following output:
Change Dir: /home/awwalola/Codes/Calculator/build/CMakeFiles/CMakeTmp

Run Build Command(s):/usr/bin/gmake -f Makefile cmTC_e095b/fast && /usr/bin/gmake  -f CMakeFiles/cmTC_e095b.dir/build.make CMakeFiles/cmTC_e095b.dir/build
gmake[1]: Entering directory '/home/awwalola/Codes/Calculator/build/CMakeFiles/CMakeTmp'
Building CXX object CMakeFiles/cmTC_e095b.dir/CMakeCXXCompilerABI.cpp.o
/usr/bin/c++   -v -o CMakeFiles/cmTC_e095b.dir/CMakeCXXCompilerABI.cpp.o -c /sw/pkgs/arc/cmake/3.22.2/share/cmake-3.22/Modules/CMakeCXXCompilerABI.cpp
Using built-in specs.
COLLECT_GCC=/usr/bin/c++
OFFLOAD_TARGET_NAMES=nvptx-none
OFFLOAD_TARGET_DEFAULT=1
Target: x86_64-redhat-linux
Configured with: ../configure --enable-bootstrap --enable-languages=c,c++,fortran,lto --prefix=/usr --mandir=/usr/share/man --infodir=/usr/share/info --with-bugurl=http://bugzilla.redhat.com/bugzilla --enable-shared --enable-threads=posix --enable-checking=release --enable-multilib --with-system-zlib --enable-__cxa_atexit --disable-libunwind-exceptions --enable-gnu-unique-object --enable-linker-build-id --with-gcc-major-version-only --with-linker-hash-style=gnu --enable-plugin --enable-initfini-array --with-isl --disable-libmpx --enable-offload-targets=nvptx-none --without-cuda-driver --enable-gnu-indirect-function --enable-cet --with-tune=generic --with-arch_32=x86-64 --build=x86_64-redhat-linux
Thread model: posix
gcc version 8.5.0 20210514 (Red Hat 8.5.0-10) (GCC) 
COLLECT_GCC_OPTIONS='-v' '-o' 'CMakeFiles/cmTC_e095b.dir/CMakeCXXCompilerABI.cpp.o' '-c' '-shared-libgcc' '-mtune=generic' '-march=x86-64'
 /usr/libexec/gcc/x86_64-redhat-linux/8/cc1plus -quiet -v -D_GNU_SOURCE /sw/pkgs/arc/cmake/3.22.2/share/cmake-3.22/Modules/CMakeCXXCompilerABI.cpp -quiet -dumpbase CMakeCXXCompilerABI.cpp -mtune=generic -march=x86-64 -auxbase-strip CMakeFiles/cmTC_e095b.dir/CMakeCXXCompilerABI.cpp.o -version -o /tmp/ccj9Qb9q.s
GNU C++14 (GCC) version 8.5.0 20210514 (Red Hat 8.5.0-10) (x86_64-redhat-linux)
	compiled by GNU C version 8.5.0 20210514 (Red Hat 8.5.0-10), GMP version 6.1.2, MPFR version 3.1.6-p2, MPC version 1.1.0, isl version isl-0.16.1-GMP

GGC heuristics: --param ggc-min-expand=100 --param ggc-min-heapsize=131072
ignoring nonexistent directory "/usr/lib/gcc/x86_64-redhat-linux/8/include-fixed"
ignoring nonexistent directory "/usr/lib/gcc/x86_64-redhat-linux/8/../../../../x86_64-redhat-linux/include"
#include "..." search starts here:
#include <...> search starts here:
 /sw/pkgs/arc/intel/2022.1.2/mpi/2021.5.1/include
 /sw/pkgs/arc/intel/2022.1.2/tbb/2021.5.1/include
 /usr/lib/gcc/x86_64-redhat-linux/8/../../../../include/c++/8
 /usr/lib/gcc/x86_64-redhat-linux/8/../../../../include/c++/8/x86_64-redhat-linux
 /usr/lib/gcc/x86_64-redhat-linux/8/../../../../include/c++/8/backward
 /usr/lib/gcc/x86_64-redhat-linux/8/include
 /usr/local/include
 /usr/include
End of search list.
GNU C++14 (GCC) version 8.5.0 20210514 (Red Hat 8.5.0-10) (x86_64-redhat-linux)
	compiled by GNU C version 8.5.0 20210514 (Red Hat 8.5.0-10), GMP version 6.1.2, MPFR version 3.1.6-p2, MPC version 1.1.0, isl version isl-0.16.1-GMP

GGC heuristics: --param ggc-min-expand=100 --param ggc-min-heapsize=131072
Compiler executable checksum: b9cf01844cbe11bf16ed5c8a3873e08d
COLLECT_GCC_OPTIONS='-v' '-o' 'CMakeFiles/cmTC_e095b.dir/CMakeCXXCompilerABI.cpp.o' '-c' '-shared-libgcc' '-mtune=generic' '-march=x86-64'
 as -v --64 -o CMakeFiles/cmTC_e095b.dir/CMakeCXXCompilerABI.cpp.o /tmp/ccj9Qb9q.s
GNU assembler version 2.30 (x86_64-redhat-linux) using BFD version version 2.30-113.el8
COMPILER_PATH=/usr/libexec/gcc/x86_64-redhat-linux/8/:/usr/libexec/gcc/x86_64-redhat-linux/8/:/usr/libexec/gcc/x86_64-redhat-linux/:/usr/lib/gcc/x86_64-redhat-linux/8/:/usr/lib/gcc/x86_64-redhat-linux/
LIBRARY_PATH=/usr/lib/gcc/x86_64-redhat-linux/8/:/usr/lib/gcc/x86_64-redhat-linux/8/../../../../lib64/:/lib/../lib64/:/usr/lib/../lib64/:/sw/pkgs/arc/intel/2022.1.2/mpi/2021.5.1/libfabric/lib/:/sw/pkgs/arc/intel/2022.1.2/mpi/2021.5.1/lib/release/:/sw/pkgs/arc/intel/2022.1.2/mpi/2021.5.1/lib/:/sw/pkgs/arc/intel/2022.1.2/tbb/2021.5.1/lib/intel64/gcc4.8/:/sw/pkgs/arc/intel/2022.1.2/compiler/2022.0.2/linux/compiler/lib/intel64_lin/:/sw/pkgs/arc/intel/2022.1.2/compiler/2022.0.2/linux/lib/x64/:/sw/pkgs/arc/intel/2022.1.2/compiler/2022.0.2/linux/lib/:/usr/lib/gcc/x86_64-redhat-linux/8/../../../:/lib/:/usr/lib/
COLLECT_GCC_OPTIONS='-v' '-o' 'CMakeFiles/cmTC_e095b.dir/CMakeCXXCompilerABI.cpp.o' '-c' '-shared-libgcc' '-mtune=generic' '-march=x86-64'
Linking CXX executable cmTC_e095b
/sw/pkgs/arc/cmake/3.22.2/bin/cmake -E cmake_link_script CMakeFiles/cmTC_e095b.dir/link.txt --verbose=1
/usr/bin/c++  -v CMakeFiles/cmTC_e095b.dir/CMakeCXXCompilerABI.cpp.o -o cmTC_e095b 
Using built-in specs.
COLLECT_GCC=/usr/bin/c++
COLLECT_LTO_WRAPPER=/usr/libexec/gcc/x86_64-redhat-linux/8/lto-wrapper
OFFLOAD_TARGET_NAMES=nvptx-none
OFFLOAD_TARGET_DEFAULT=1
Target: x86_64-redhat-linux
Configured with: ../configure --enable-bootstrap --enable-languages=c,c++,fortran,lto --prefix=/usr --mandir=/usr/share/man --infodir=/usr/share/info --with-bugurl=http://bugzilla.redhat.com/bugzilla --enable-shared --enable-threads=posix --enable-checking=release --enable-multilib --with-system-zlib --enable-__cxa_atexit --disable-libunwind-exceptions --enable-gnu-unique-object --enable-linker-build-id --with-gcc-major-version-only --with-linker-hash-style=gnu --enable-plugin --enable-initfini-array --with-isl --disable-libmpx --enable-offload-targets=nvptx-none --without-cuda-driver --enable-gnu-indirect-function --enable-cet --with-tune=generic --with-arch_32=x86-64 --build=x86_64-redhat-linux
Thread model: posix
gcc version 8.5.0 20210514 (Red Hat 8.5.0-10) (GCC) 
COMPILER_PATH=/usr/libexec/gcc/x86_64-redhat-linux/8/:/usr/libexec/gcc/x86_64-redhat-linux/8/:/usr/libexec/gcc/x86_64-redhat-linux/:/usr/lib/gcc/x86_64-redhat-linux/8/:/usr/lib/gcc/x86_64-redhat-linux/
LIBRARY_PATH=/usr/lib/gcc/x86_64-redhat-linux/8/:/usr/lib/gcc/x86_64-redhat-linux/8/../../../../lib64/:/lib/../lib64/:/usr/lib/../lib64/:/sw/pkgs/arc/intel/2022.1.2/mpi/2021.5.1/libfabric/lib/:/sw/pkgs/arc/intel/2022.1.2/mpi/2021.5.1/lib/release/:/sw/pkgs/arc/intel/2022.1.2/mpi/2021.5.1/lib/:/sw/pkgs/arc/intel/2022.1.2/tbb/2021.5.1/lib/intel64/gcc4.8/:/sw/pkgs/arc/intel/2022.1.2/compiler/2022.0.2/linux/compiler/lib/intel64_lin/:/sw/pkgs/arc/intel/2022.1.2/compiler/2022.0.2/linux/lib/x64/:/sw/pkgs/arc/intel/2022.1.2/compiler/2022.0.2/linux/lib/:/usr/lib/gcc/x86_64-redhat-linux/8/../../../:/lib/:/usr/lib/
COLLECT_GCC_OPTIONS='-v' '-o' 'cmTC_e095b' '-shared-libgcc' '-mtune=generic' '-march=x86-64'
 /usr/libexec/gcc/x86_64-redhat-linux/8/collect2 -plugin /usr/libexec/gcc/x86_64-redhat-linux/8/liblto_plugin.so -plugin-opt=/usr/libexec/gcc/x86_64-redhat-linux/8/lto-wrapper -plugin-opt=-fresolution=/tmp/cc8R067K.res -plugin-opt=-pass-through=-lgcc_s -plugin-opt=-pass-through=-lgcc -plugin-opt=-pass-through=-lc -plugin-opt=-pass-through=-lgcc_s -plugin-opt=-pass-through=-lgcc --build-id --no-add-needed --eh-frame-hdr --hash-style=gnu -m elf_x86_64 -dynamic-linker /lib64/ld-linux-x86-64.so.2 -o cmTC_e095b /usr/lib/gcc/x86_64-redhat-linux/8/../../../../lib64/crt1.o /usr/lib/gcc/x86_64-redhat-linux/8/../../../../lib64/crti.o /usr/lib/gcc/x86_64-redhat-linux/8/crtbegin.o -L/usr/lib/gcc/x86_64-redhat-linux/8 -L/usr/lib/gcc/x86_64-redhat-linux/8/../../../../lib64 -L/lib/../lib64 -L/usr/lib/../lib64 -L/sw/pkgs/arc/intel/2022.1.2/mpi/2021.5.1/libfabric/lib -L/sw/pkgs/arc/intel/2022.1.2/mpi/2021.5.1/lib/release -L/sw/pkgs/arc/intel/2022.1.2/mpi/2021.5.1/lib -L/sw/pkgs/arc/intel/2022.1.2/tbb/2021.5.1/lib/intel64/gcc4.8 -L/sw/pkgs/arc/intel/2022.1.2/compiler/2022.0.2/linux/compiler/lib/intel64_lin -L/sw/pkgs/arc/intel/2022.1.2/compiler/2022.0.2/linux/lib/x64 -L/sw/pkgs/arc/intel/2022.1.2/compiler/2022.0.2/linux/lib -L/usr/lib/gcc/x86_64-redhat-linux/8/../../.. CMakeFiles/cmTC_e095b.dir/CMakeCXXCompilerABI.cpp.o -lstdc++ -lm -lgcc_s -lgcc -lc -lgcc_s -lgcc /usr/lib/gcc/x86_64-redhat-linux/8/crtend.o /usr/lib/gcc/x86_64-redhat-linux/8/../../../../lib64/crtn.o
COLLECT_GCC_OPTIONS='-v' '-o' 'cmTC_e095b' '-shared-libgcc' '-mtune=generic' '-march=x86-64'
gmake[1]: Leaving directory '/home/awwalola/Codes/Calculator/build/CMakeFiles/CMakeTmp'



Parsed CXX implicit include dir info from above output: rv=done
  found start of include info
  found start of implicit include info
    add: [/sw/pkgs/arc/intel/2022.1.2/mpi/2021.5.1/include]
    add: [/sw/pkgs/arc/intel/2022.1.2/tbb/2021.5.1/include]
    add: [/usr/lib/gcc/x86_64-redhat-linux/8/../../../../include/c++/8]
    add: [/usr/lib/gcc/x86_64-redhat-linux/8/../../../../include/c++/8/x86_64-redhat-linux]
    add: [/usr/lib/gcc/x86_64-redhat-linux/8/../../../../include/c++/8/backward]
    add: [/usr/lib/gcc/x86_64-redhat-linux/8/include]
    add: [/usr/local/include]
    add: [/usr/include]
  end of search list found
  collapse include dir [/sw/pkgs/arc/intel/2022.1.2/mpi/2021.5.1/include] ==> [/sw/pkgs/arc/intel/2022.1.2/mpi/2021.5.1/include]
  collapse include dir [/sw/pkgs/arc/intel/2022.1.2/tbb/2021.5.1/include] ==> [/sw/pkgs/arc/intel/2022.1.2/tbb/2021.5.1/include]
  collapse include dir [/usr/lib/gcc/x86_64-redhat-linux/8/../../../../include/c++/8] ==> [/usr/include/c++/8]
  collapse include dir [/usr/lib/gcc/x86_64-redhat-linux/8/../../../../include/c++/8/x86_64-redhat-linux] ==> [/usr/include/c++/8/x86_64-redhat-linux]
  collapse include dir [/usr/lib/gcc/x86_64-redhat-linux/8/../../../../include/c++/8/backward] ==> [/usr/include/c++/8/backward]
  collapse include dir [/usr/lib/gcc/x86_64-redhat-linux/8/include] ==> [/usr/lib/gcc/x86_64-redhat-linux/8/include]
  collapse include dir [/usr/local/include] ==> [/usr/local/include]
  collapse include dir [/usr/include] ==> [/usr/include]
  implicit include dirs: [/sw/pkgs/arc/intel/2022.1.2/mpi/2021.5.1/include;/sw/pkgs/arc/intel/2022.1.2/tbb/2021.5.1/include;/usr/include/c++/8;/usr/include/c++/8/x86_64-redhat-linux;/usr/include/c++/8/backward;/usr/lib/gcc/x86_64-redhat-linux/8/include;/usr/local/include;/usr/include]


Parsed CXX implicit link information from above output:
  link line regex: [^( *|.*[/\])(ld|CMAKE_LINK_STARTFILE-NOTFOUND|([^/\]+-)?ld|collect2)[^/\]*( |$)]
  ignore line: [Change Dir: /home/awwalola/Codes/Calculator/build/CMakeFiles/CMakeTmp]
  ignore line: []
  ignore line: [Run Build Command(s):/usr/bin/gmake -f Makefile cmTC_e095b/fast && /usr/bin/gmake  -f CMakeFiles/cmTC_e095b.dir/build.make CMakeFiles/cmTC_e095b.dir/build]
  ignore line: [gmake[1]: Entering directory '/home/awwalola/Codes/Calculator/build/CMakeFiles/CMakeTmp']
  ignore line: [Building CXX object CMakeFiles/cmTC_e095b.dir/CMakeCXXCompilerABI.cpp.o]
  ignore line: [/usr/bin/c++   -v -o CMakeFiles/cmTC_e095b.dir/CMakeCXXCompilerABI.cpp.o -c /sw/pkgs/arc/cmake/3.22.2/share/cmake-3.22/Modules/CMakeCXXCompilerABI.cpp]
  ignore line: [Using built-in specs.]
  ignore line: [COLLECT_GCC=/usr/bin/c++]
  ignore line: [OFFLOAD_TARGET_NAMES=nvptx-none]
  ignore line: [OFFLOAD_TARGET_DEFAULT=1]
  ignore line: [Target: x86_64-redhat-linux]
  ignore line: [Configured with: ../configure --enable-bootstrap --enable-languages=c c++ fortran lto --prefix=/usr --mandir=/usr/share/man --infodir=/usr/share/info --with-bugurl=http://bugzilla.redhat.com/bugzilla --enable-shared --enable-threads=posix --enable-checking=release --enable-multilib --with-system-zlib --enable-__cxa_atexit --disable-libunwind-exceptions --enable-gnu-unique-object --enable-linker-build-id --with-gcc-major-version-only --with-linker-hash-style=gnu --enable-plugin --enable-initfini-array --with-isl --disable-libmpx --enable-offload-targets=nvptx-none --without-cuda-driver --enable-gnu-indirect-function --enable-cet --with-tune=generic --with-arch_32=x86-64 --build=x86_64-redhat-linux]
  ignore line: [Thread model: posix]
  ignore line: [gcc version 8.5.0 20210514 (Red Hat 8.5.0-10) (GCC) ]
  ignore line: [COLLECT_GCC_OPTIONS='-v' '-o' 'CMakeFiles/cmTC_e095b.dir/CMakeCXXCompilerABI.cpp.o' '-c' '-shared-libgcc' '-mtune=generic' '-march=x86-64']
  ignore line: [ /usr/libexec/gcc/x86_64-redhat-linux/8/cc1plus -quiet -v -D_GNU_SOURCE /sw/pkgs/arc/cmake/3.22.2/share/cmake-3.22/Modules/CMakeCXXCompilerABI.cpp -quiet -dumpbase CMakeCXXCompilerABI.cpp -mtune=generic -march=x86-64 -auxbase-strip CMakeFiles/cmTC_e095b.dir/CMakeCXXCompilerABI.cpp.o -version -o /tmp/ccj9Qb9q.s]
  ignore line: [GNU C++14 (GCC) version 8.5.0 20210514 (Red Hat 8.5.0-10) (x86_64-redhat-linux)]
  ignore line: [	compiled by GNU C version 8.5.0 20210514 (Red Hat 8.5.0-10)  GMP version 6.1.2  MPFR version 3.1.6-p2  MPC version 1.1.0  isl version isl-0.16.1-GMP]
  ignore line: []
  ignore line: [GGC heuristics: --param ggc-min-expand=100 --param ggc-min-heapsize=131072]
  ignore line: [ignoring nonexistent directory "/usr/lib/gcc/x86_64-redhat-linux/8/include-fixed"]
  ignore line: [ignoring nonexistent directory "/usr/lib/gcc/x86_64-redhat-linux/8/../../../../x86_64-redhat-linux/include"]
  ignore line: [#include "..." search starts here:]
  ignore line: [#include <...> search starts here:]
  ignore line: [ /sw/pkgs/arc/intel/2022.1.2/mpi/2021.5.1/include]
  ignore line: [ /sw/pkgs/arc/intel/2022.1.2/tbb/2021.5.1/include]
  ignore line: [ /usr/lib/gcc/x86_64-redhat-linux/8/../../../../include/c++/8]
  ignore line: [ /usr/lib/gcc/x86_64-redhat-linux/8/../../../../include/c++/8/x86_64-redhat-linux]
  ignore line: [ /usr/lib/gcc/x86_64-redhat-linux/8/../../../../include/c++/8/backward]
  ignore line: [ /usr/lib/gcc/x86_64-redhat-linux/8/include]
  ignore line: [ /usr/local/include]
  ignore line: [ /usr/include]
  ignore line: [End of search list.]
  ignore line: [GNU C++14 (GCC) version 8.5.0 20210514 (Red Hat 8.5.0-10) (x86_64-redhat-linux)]
  ignore line: [	compiled by GNU C version 8.5.0 20210514 (Red Hat 8.5.0-10)  GMP version 6.1.2  MPFR version 3.1.6-p2  MPC version 1.1.0  isl version isl-0.16.1-GMP]
  ignore line: []
  ignore line: [GGC heuristics: --param ggc-min-expand=100 --param ggc-min-heapsize=131072]
  ignore line: [Compiler executable checksum: b9cf01844cbe11bf16ed5c8a3873e08d]
  ignore line: [COLLECT_GCC_OPTIONS='-v' '-o' 'CMakeFiles/cmTC_e095b.dir/CMakeCXXCompilerABI.cpp.o' '-c' '-shared-libgcc' '-mtune=generic' '-march=x86-64']
  ignore line: [ as -v --64 -o CMakeFiles/cmTC_e095b.dir/CMakeCXXCompilerABI.cpp.o /tmp/ccj9Qb9q.s]
  ignore line: [GNU assembler version 2.30 (x86_64-redhat-linux) using BFD version version 2.30-113.el8]
  ignore line: [COMPILER_PATH=/usr/libexec/gcc/x86_64-redhat-linux/8/:/usr/libexec/gcc/x86_64-redhat-linux/8/:/usr/libexec/gcc/x86_64-redhat-linux/:/usr/lib/gcc/x86_64-redhat-linux/8/:/usr/lib/gcc/x86_64-redhat-linux/]
  ignore line: [LIBRARY_PATH=/usr/lib/gcc/x86_64-redhat-linux/8/:/usr/lib/gcc/x86_64-redhat-linux/8/../../../../lib64/:/lib/../lib64/:/usr/lib/../lib64/:/sw/pkgs/arc/intel/2022.1.2/mpi/2021.5.1/libfabric/lib/:/sw/pkgs/arc/intel/2022.1.2/mpi/2021.5.1/lib/release/:/sw/pkgs/arc/intel/2022.1.2/mpi/2021.5.1/lib/:/sw/pkgs/arc/intel/2022.1.2/tbb/2021.5.1/lib/intel64/gcc4.8/:/sw/pkgs/arc/intel/2022.1.2/compiler/2022.0.2/linux/compiler/lib/intel64_lin/:/sw/pkgs/arc/intel/2022.1.2/compiler/2022.0.2/linux/lib/x64/:/sw/pkgs/arc/intel/2022.1.2/compiler/2022.0.2/linux/lib/:/usr/lib/gcc/x86_64-redhat-linux/8/../../../:/lib/:/usr/lib/]
  ignore line: [COLLECT_GCC_OPTIONS='-v' '-o' 'CMakeFiles/cmTC_e095b.dir/CMakeCXXCompilerABI.cpp.o' '-c' '-shared-libgcc' '-mtune=generic' '-march=x86-64']
  ignore line: [Linking CXX executable cmTC_e095b]
  ignore line: [/sw/pkgs/arc/cmake/3.22.2/bin/cmake -E cmake_link_script CMakeFiles/cmTC_e095b.dir/link.txt --verbose=1]
  ignore line: [/usr/bin/c++  -v CMakeFiles/cmTC_e095b.dir/CMakeCXXCompilerABI.cpp.o -o cmTC_e095b ]
  ignore line: [Using built-in specs.]
  ignore line: [COLLECT_GCC=/usr/bin/c++]
  ignore line: [COLLECT_LTO_WRAPPER=/usr/libexec/gcc/x86_64-redhat-linux/8/lto-wrapper]
  ignore line: [OFFLOAD_TARGET_NAMES=nvptx-none]
  ignore line: [OFFLOAD_TARGET_DEFAULT=1]
  ignore line: [Target: x86_64-redhat-linux]
  ignore line: [Configured with: ../configure --enable-bootstrap --enable-languages=c c++ fortran lto --prefix=/usr --mandir=/usr/share/man --infodir=/usr/share/info --with-bugurl=http://bugzilla.redhat.com/bugzilla --enable-shared --enable-threads=posix --enable-checking=release --enable-multilib --with-system-zlib --enable-__cxa_atexit --disable-libunwind-exceptions --enable-gnu-unique-object --enable-linker-build-id --with-gcc-major-version-only --with-linker-hash-style=gnu --enable-plugin --enable-initfini-array --with-isl --disable-libmpx --enable-offload-targets=nvptx-none --without-cuda-driver --enable-gnu-indirect-function --enable-cet --with-tune=generic --with-arch_32=x86-64 --build=x86_64-redhat-linux]
  ignore line: [Thread model: posix]
  ignore line: [gcc version 8.5.0 20210514 (Red Hat 8.5.0-10) (GCC) ]
  ignore line: [COMPILER_PATH=/usr/libexec/gcc/x86_64-redhat-linux/8/:/usr/libexec/gcc/x86_64-redhat-linux/8/:/usr/libexec/gcc/x86_64-redhat-linux/:/usr/lib/gcc/x86_64-redhat-linux/8/:/usr/lib/gcc/x86_64-redhat-linux/]
  ignore line: [LIBRARY_PATH=/usr/lib/gcc/x86_64-redhat-linux/8/:/usr/lib/gcc/x86_64-redhat-linux/8/../../../../lib64/:/lib/../lib64/:/usr/lib/../lib64/:/sw/pkgs/arc/intel/2022.1.2/mpi/2021.5.1/libfabric/lib/:/sw/pkgs/arc/intel/2022.1.2/mpi/2021.5.1/lib/release/:/sw/pkgs/arc/intel/2022.1.2/mpi/2021.5.1/lib/:/sw/pkgs/arc/intel/2022.1.2/tbb/2021.5.1/lib/intel64/gcc4.8/:/sw/pkgs/arc/intel/2022.1.2/compiler/2022.0.2/linux/compiler/lib/intel64_lin/:/sw/pkgs/arc/intel/2022.1.2/compiler/2022.0.2/linux/lib/x64/:/sw/pkgs/arc/intel/2022.1.2/compiler/2022.0.2/linux/lib/:/usr/lib/gcc/x86_64-redhat-linux/8/../../../:/lib/:/usr/lib/]
  ignore line: [COLLECT_GCC_OPTIONS='-v' '-o' 'cmTC_e095b' '-shared-libgcc' '-mtune=generic' '-march=x86-64']
  link line: [ /usr/libexec/gcc/x86_64-redhat-linux/8/collect2 -plugin /usr/libexec/gcc/x86_64-redhat-linux/8/liblto_plugin.so -plugin-opt=/usr/libexec/gcc/x86_64-redhat-linux/8/lto-wrapper -plugin-opt=-fresolution=/tmp/cc8R067K.res -plugin-opt=-pass-through=-lgcc_s -plugin-opt=-pass-through=-lgcc -plugin-opt=-pass-through=-lc -plugin-opt=-pass-through=-lgcc_s -plugin-opt=-pass-through=-lgcc --build-id --no-add-needed --eh-frame-hdr --hash-style=gnu -m elf_x86_64 -dynamic-linker /lib64/ld-linux-x86-64.so.2 -o cmTC_e095b /usr/lib/gcc/x86_64-redhat-linux/8/../../../../lib64/crt1.o /usr/lib/gcc/x86_64-redhat-linux/8/../../../../lib64/crti.o /usr/lib/gcc/x86_64-redhat-linux/8/crtbegin.o -L/usr/lib/gcc/x86_64-redhat-linux/8 -L/usr/lib/gcc/x86_64-redhat-linux/8/../../../../lib64 -L/lib/../lib64 -L/usr/lib/../lib64 -L/sw/pkgs/arc/intel/2022.1.2/mpi/2021.5.1/libfabric/lib -L/sw/pkgs/arc/intel/2022.1.2/mpi/2021.5.1/lib/release -L/sw/pkgs/arc/intel/2022.1.2/mpi/2021.5.1/lib -L/sw/pkgs/arc/intel/2022.1.2/tbb/2021.5.1/lib/intel64/gcc4.8 -L/sw/pkgs/arc/intel/2022.1.2/compiler/2022.0.2/linux/compiler/lib/intel64_lin -L/sw/pkgs/arc/intel/2022.1.2/compiler/2022.0.2/linux/lib/x64 -L/sw/pkgs/arc/intel/2022.1.2/compiler/2022.0.2/linux/lib -L/usr/lib/gcc/x86_64-redhat-linux/8/../../.. CMakeFiles/cmTC_e095b.dir/CMakeCXXCompilerABI.cpp.o -lstdc++ -lm -lgcc_s -lgcc -lc -lgcc_s -lgcc /usr/lib/gcc/x86_64-redhat-linux/8/crtend.o /usr/lib/gcc/x86_64-redhat-linux/8/../../../../lib64/crtn.o]
    arg [/usr/libexec/gcc/x86_64-redhat-linux/8/collect2] ==> ignore
    arg [-plugin] ==> ignore
    arg [/usr/libexec/gcc/x86_64-redhat-linux/8/liblto_plugin.so] ==> ignore
    arg [-plugin-opt=/usr/libexec/gcc/x86_64-redhat-linux/8/lto-wrapper] ==> ignore
    arg [-plugin-opt=-fresolution=/tmp/cc8R067K.res] ==> ignore
    arg [-plugin-opt=-pass-through=-lgcc_s] ==> ignore
    arg [-plugin-opt=-pass-through=-lgcc] ==> ignore
    arg [-plugin-opt=-pass-through=-lc] ==> ignore
    arg [-plugin-opt=-pass-through=-lgcc_s] ==> ignore
    arg [-plugin-opt=-pass-through=-lgcc] ==> ignore
    arg [--build-id] ==> ignore
    arg [--no-add-needed] ==> ignore
    arg [--eh-frame-hdr] ==> ignore
    arg [--hash-style=gnu] ==> ignore
    arg [-m] ==> ignore
    arg [elf_x86_64] ==> ignore
    arg [-dynamic-linker] ==> ignore
    arg [/lib64/ld-linux-x86-64.so.2] ==> ignore
    arg [-o] ==> ignore
    arg [cmTC_e095b] ==> ignore
    arg [/usr/lib/gcc/x86_64-redhat-linux/8/../../../../lib64/crt1.o] ==> obj [/usr/lib/gcc/x86_64-redhat-linux/8/../../../../lib64/crt1.o]
    arg [/usr/lib/gcc/x86_64-redhat-linux/8/../../../../lib64/crti.o] ==> obj [/usr/lib/gcc/x86_64-redhat-linux/8/../../../../lib64/crti.o]
    arg [/usr/lib/gcc/x86_64-redhat-linux/8/crtbegin.o] ==> obj [/usr/lib/gcc/x86_64-redhat-linux/8/crtbegin.o]
    arg [-L/usr/lib/gcc/x86_64-redhat-linux/8] ==> dir [/usr/lib/gcc/x86_64-redhat-linux/8]
    arg [-L/usr/lib/gcc/x86_64-redhat-linux/8/../../../../lib64] ==> dir [/usr/lib/gcc/x86_64-redhat-linux/8/../../../../lib64]
    arg [-L/lib/../lib64] ==> dir [/lib/../lib64]
    arg [-L/usr/lib/../lib64] ==> dir [/usr/lib/../lib64]
    arg [-L/sw/pkgs/arc/intel/2022.1.2/mpi/2021.5.1/libfabric/lib] ==> dir [/sw/pkgs/arc/intel/2022.1.2/mpi/2021.5.1/libfabric/lib]
    arg [-L/sw/pkgs/arc/intel/2022.1.2/mpi/2021.5.1/lib/release] ==> dir [/sw/pkgs/arc/intel/2022.1.2/mpi/2021.5.1/lib/release]
    arg [-L/sw/pkgs/arc/intel/2022.1.2/mpi/2021.5.1/lib] ==> dir [/sw/pkgs/arc/intel/2022.1.2/mpi/2021.5.1/lib]
    arg [-L/sw/pkgs/arc/intel/2022.1.2/tbb/2021.5.1/lib/intel64/gcc4.8] ==> dir [/sw/pkgs/arc/intel/2022.1.2/tbb/2021.5.1/lib/intel64/gcc4.8]
    arg [-L/sw/pkgs/arc/intel/2022.1.2/compiler/2022.0.2/linux/compiler/lib/intel64_lin] ==> dir [/sw/pkgs/arc/intel/2022.1.2/compiler/2022.0.2/linux/compiler/lib/intel64_lin]
    arg [-L/sw/pkgs/arc/intel/2022.1.2/compiler/2022.0.2/linux/lib/x64] ==> dir [/sw/pkgs/arc/intel/2022.1.2/compiler/2022.0.2/linux/lib/x64]
    arg [-L/sw/pkgs/arc/intel/2022.1.2/compiler/2022.0.2/linux/lib] ==> dir [/sw/pkgs/arc/intel/2022.1.2/compiler/2022.0.2/linux/lib]
    arg [-L/usr/lib/gcc/x86_64-redhat-linux/8/../../..] ==> dir [/usr/lib/gcc/x86_64-redhat-linux/8/../../..]
    arg [CMakeFiles/cmTC_e095b.dir/CMakeCXXCompilerABI.cpp.o] ==> ignore
    arg [-lstdc++] ==> lib [stdc++]
    arg [-lm] ==> lib [m]
    arg [-lgcc_s] ==> lib [gcc_s]
    arg [-lgcc] ==> lib [gcc]
    arg [-lc] ==> lib [c]
    arg [-lgcc_s] ==> lib [gcc_s]
    arg [-lgcc] ==> lib [gcc]
    arg [/usr/lib/gcc/x86_64-redhat-linux/8/crtend.o] ==> obj [/usr/lib/gcc/x86_64-redhat-linux/8/crtend.o]
    arg [/usr/lib/gcc/x86_64-redhat-linux/8/../../../../lib64/crtn.o] ==> obj [/usr/lib/gcc/x86_64-redhat-linux/8/../../../../lib64/crtn.o]
  collapse obj [/usr/lib/gcc/x86_64-redhat-linux/8/../../../../lib64/crt1.o] ==> [/usr/lib64/crt1.o]
  collapse obj [/usr/lib/gcc/x86_64-redhat-linux/8/../../../../lib64/crti.o] ==> [/usr/lib64/crti.o]
  collapse obj [/usr/lib/gcc/x86_64-redhat-linux/8/../../../../lib64/crtn.o] ==> [/usr/lib64/crtn.o]
  collapse library dir [/usr/lib/gcc/x86_64-redhat-linux/8] ==> [/usr/lib/gcc/x86_64-redhat-linux/8]
  collapse library dir [/usr/lib/gcc/x86_64-redhat-linux/8/../../../../lib64] ==> [/usr/lib64]
  collapse library dir [/lib/../lib64] ==> [/lib64]
  collapse library dir [/usr/lib/../lib64] ==> [/usr/lib64]
  collapse library dir [/sw/pkgs/arc/intel/2022.1.2/mpi/2021.5.1/libfabric/lib] ==> [/sw/pkgs/arc/intel/2022.1.2/mpi/2021.5.1/libfabric/lib]
  collapse library dir [/sw/pkgs/arc/intel/2022.1.2/mpi/2021.5.1/lib/release] ==> [/sw/pkgs/arc/intel/2022.1.2/mpi/2021.5.1/lib/release]
  collapse library dir [/sw/pkgs/arc/intel/2022.1.2/mpi/2021.5.1/lib] ==> [/sw/pkgs/arc/intel/2022.1.2/mpi/2021.5.1/lib]
  collapse library dir [/sw/pkgs/arc/intel/2022.1.2/tbb/2021.5.1/lib/intel64/gcc4.8] ==> [/sw/pkgs/arc/intel/2022.1.2/tbb/2021.5.1/lib/intel64/gcc4.8]
  collapse library dir [/sw/pkgs/arc/intel/2022.1.2/compiler/2022.0.2/linux/compiler/lib/intel64_lin] ==> [/sw/pkgs/arc/intel/2022.1.2/compiler/2022.0.2/linux/compiler/lib/intel64_lin]
  collapse library dir [/sw/pkgs/arc/intel/2022.1.2/compiler/2022.0.2/linux/lib/x64] ==> [/sw/pkgs/arc/intel/2022.1.2/compiler/2022.0.2/linux/lib/x64]
  collapse library dir [/sw/pkgs/arc/intel/2022.1.2/compiler/2022.0.2/linux/lib] ==> [/sw/pkgs/arc/intel/2022.1.2/compiler/2022.0.2/linux/lib]
  collapse library dir [/usr/lib/gcc/x86_64-redhat-linux/8/../../..] ==> [/usr/lib]
  implicit libs: [stdc++;m;gcc_s;gcc;c;gcc_s;gcc]
  implicit objs: [/usr/lib64/crt1.o;/usr/lib64/crti.o;/usr/lib/gcc/x86_64-redhat-linux/8/crtbegin.o;/usr/lib/gcc/x86_64-redhat-linux/8/crtend.o;/usr/lib64/crtn.o]
  implicit dirs: [/usr/lib/gcc/x86_64-redhat-linux/8;/usr/lib64;/lib64;/sw/pkgs/arc/intel/2022.1.2/mpi/2021.5.1/libfabric/lib;/sw/pkgs/arc/intel/2022.1.2/mpi/2021.5.1/lib/release;/sw/pkgs/arc/intel/2022.1.2/mpi/2021.5.1/lib;/sw/pkgs/arc/intel/2022.1.2/tbb/2021.5.1/lib/intel64/gcc4.8;/sw/pkgs/arc/intel/2022.1.2/compiler/2022.0.2/linux/compiler/lib/intel64_lin;/sw/pkgs/arc/intel/2022.1.2/compiler/2022.0.2/linux/lib/x64;/sw/pkgs/arc/intel/2022.1.2/compiler/2022.0.2/linux/lib;/usr/lib]
  implicit fwks: []


Detecting C compiler ABI info compiled with the following output:
Change Dir: /home/awwalola/Codes/Calculator/build/CMakeFiles/CMakeTmp

Run Build Command(s):/usr/bin/gmake -f Makefile cmTC_b2807/fast && /usr/bin/gmake  -f CMakeFiles/cmTC_b2807.dir/build.make CMakeFiles/cmTC_b2807.dir/build
gmake[1]: Entering directory '/home/awwalola/Codes/Calculator/build/CMakeFiles/CMakeTmp'
Building C object CMakeFiles/cmTC_b2807.dir/CMakeCCompilerABI.c.o
/usr/bin/cc   -v -o CMakeFiles/cmTC_b2807.dir/CMakeCCompilerABI.c.o -c /sw/pkgs/arc/cmake/3.22.2/share/cmake-3.22/Modules/CMakeCCompilerABI.c
Using built-in specs.
COLLECT_GCC=/usr/bin/cc
OFFLOAD_TARGET_NAMES=nvptx-none
OFFLOAD_TARGET_DEFAULT=1
Target: x86_64-redhat-linux
Configured with: ../configure --enable-bootstrap --enable-languages=c,c++,fortran,lto --prefix=/usr --mandir=/usr/share/man --infodir=/usr/share/info --with-bugurl=http://bugzilla.redhat.com/bugzilla --enable-shared --enable-threads=posix --enable-checking=release --enable-multilib --with-system-zlib --enable-__cxa_atexit --disable-libunwind-exceptions --enable-gnu-unique-object --enable-linker-build-id --with-gcc-major-version-only --with-linker-hash-style=gnu --enable-plugin --enable-initfini-array --with-isl --disable-libmpx --enable-offload-targets=nvptx-none --without-cuda-driver --enable-gnu-indirect-function --enable-cet --with-tune=generic --with-arch_32=x86-64 --build=x86_64-redhat-linux
Thread model: posix
gcc version 8.5.0 20210514 (Red Hat 8.5.0-10) (GCC) 
COLLECT_GCC_OPTIONS='-v' '-o' 'CMakeFiles/cmTC_b2807.dir/CMakeCCompilerABI.c.o' '-c' '-mtune=generic' '-march=x86-64'
 /usr/libexec/gcc/x86_64-redhat-linux/8/cc1 -quiet -v /sw/pkgs/arc/cmake/3.22.2/share/cmake-3.22/Modules/CMakeCCompilerABI.c -quiet -dumpbase CMakeCCompilerABI.c -mtune=generic -march=x86-64 -auxbase-strip CMakeFiles/cmTC_b2807.dir/CMakeCCompilerABI.c.o -version -o /tmp/ccdWHuNQ.s
GNU C17 (GCC) version 8.5.0 20210514 (Red Hat 8.5.0-10) (x86_64-redhat-linux)
	compiled by GNU C version 8.5.0 20210514 (Red Hat 8.5.0-10), GMP version 6.1.2, MPFR version 3.1.6-p2, MPC version 1.1.0, isl version isl-0.16.1-GMP

GGC heuristics: --param ggc-min-expand=100 --param ggc-min-heapsize=131072
ignoring nonexistent directory "/usr/lib/gcc/x86_64-redhat-linux/8/include-fixed"
ignoring nonexistent directory "/usr/lib/gcc/x86_64-redhat-linux/8/../../../../x86_64-redhat-linux/include"
#include "..." search starts here:
#include <...> search starts here:
 /sw/pkgs/arc/intel/2022.1.2/mpi/2021.5.1/include
 /sw/pkgs/arc/intel/2022.1.2/tbb/2021.5.1/include
 /usr/lib/gcc/x86_64-redhat-linux/8/include
 /usr/local/include
 /usr/include
End of search list.
GNU C17 (GCC) version 8.5.0 20210514 (Red Hat 8.5.0-10) (x86_64-redhat-linux)
	compiled by GNU C version 8.5.0 20210514 (Red Hat 8.5.0-10), GMP version 6.1.2, MPFR version 3.1.6-p2, MPC version 1.1.0, isl version isl-0.16.1-GMP

GGC heuristics: --param ggc-min-expand=100 --param ggc-min-heapsize=131072
Compiler executable checksum: 7d9bc6b089736b6e8cf6e24d80280a72
COLLECT_GCC_OPTIONS='-v' '-o' 'CMakeFiles/cmTC_b2807.dir/CMakeCCompilerABI.c.o' '-c' '-mtune=generic' '-march=x86-64'
 as -v --64 -o CMakeFiles/cmTC_b2807.dir/CMakeCCompilerABI.c.o /tmp/ccdWHuNQ.s
GNU assembler version 2.30 (x86_64-redhat-linux) using BFD version version 2.30-113.el8
COMPILER_PATH=/usr/libexec/gcc/x86_64-redhat-linux/8/:/usr/libexec/gcc/x86_64-redhat-linux/8/:/usr/libexec/gcc/x86_64-redhat-linux/:/usr/lib/gcc/x86_64-redhat-linux/8/:/usr/lib/gcc/x86_64-redhat-linux/
LIBRARY_PATH=/usr/lib/gcc/x86_64-redhat-linux/8/:/usr/lib/gcc/x86_64-redhat-linux/8/../../../../lib64/:/lib/../lib64/:/usr/lib/../lib64/:/sw/pkgs/arc/intel/2022.1.2/mpi/2021.5.1/libfabric/lib/:/sw/pkgs/arc/intel/2022.1.2/mpi/2021.5.1/lib/release/:/sw/pkgs/arc/intel/2022.1.2/mpi/2021.5.1/lib/:/sw/pkgs/arc/intel/2022.1.2/tbb/2021.5.1/lib/intel64/gcc4.8/:/sw/pkgs/arc/intel/2022.1.2/compiler/2022.0.2/linux/compiler/lib/intel64_lin/:/sw/pkgs/arc/intel/2022.1.2/compiler/2022.0.2/linux/lib/x64/:/sw/pkgs/arc/intel/2022.1.2/compiler/2022.0.2/linux/lib/:/usr/lib/gcc/x86_64-redhat-linux/8/../../../:/lib/:/usr/lib/
COLLECT_GCC_OPTIONS='-v' '-o' 'CMakeFiles/cmTC_b2807.dir/CMakeCCompilerABI.c.o' '-c' '-mtune=generic' '-march=x86-64'
Linking C executable cmTC_b2807
/sw/pkgs/arc/cmake/3.22.2/bin/cmake -E cmake_link_script CMakeFiles/cmTC_b2807.dir/link.txt --verbose=1
/usr/bin/cc  -v CMakeFiles/cmTC_b2807.dir/CMakeCCompilerABI.c.o -o cmTC_b2807 
Using built-in specs.
COLLECT_GCC=/usr/bin/cc
COLLECT_LTO_WRAPPER=/usr/libexec/gcc/x86_64-redhat-linux/8/lto-wrapper
OFFLOAD_TARGET_NAMES=nvptx-none
OFFLOAD_TARGET_DEFAULT=1
Target: x86_64-redhat-linux
Configured with: ../configure --enable-bootstrap --enable-languages=c,c++,fortran,lto --prefix=/usr --mandir=/usr/share/man --infodir=/usr/share/info --with-bugurl=http://bugzilla.redhat.com/bugzilla --enable-shared --enable-threads=posix --enable-checking=release --enable-multilib --with-system-zlib --enable-__cxa_atexit --disable-libunwind-exceptions --enable-gnu-unique-object --enable-linker-build-id --with-gcc-major-version-only --with-linker-hash-style=gnu --enable-plugin --enable-initfini-array --with-isl --disable-libmpx --enable-offload-targets=nvptx-none --without-cuda-driver --enable-gnu-indirect-function --enable-cet --with-tune=generic --with-arch_32=x86-64 --build=x86_64-redhat-linux
Thread model: posix
gcc version 8.5.0 20210514 (Red Hat 8.5.0-10) (GCC) 
COMPILER_PATH=/usr/libexec/gcc/x86_64-redhat-linux/8/:/usr/libexec/gcc/x86_64-redhat-linux/8/:/usr/libexec/gcc/x86_64-redhat-linux/:/usr/lib/gcc/x86_64-redhat-linux/8/:/usr/lib/gcc/x86_64-redhat-linux/
LIBRARY_PATH=/usr/lib/gcc/x86_64-redhat-linux/8/:/usr/lib/gcc/x86_64-redhat-linux/8/../../../../lib64/:/lib/../lib64/:/usr/lib/../lib64/:/sw/pkgs/arc/intel/2022.1.2/mpi/2021.5.1/libfabric/lib/:/sw/pkgs/arc/intel/2022.1.2/mpi/2021.5.1/lib/release/:/sw/pkgs/arc/intel/2022.1.2/mpi/2021.5.1/lib/:/sw/pkgs/arc/intel/2022.1.2/tbb/2021.5.1/lib/intel64/gcc4.8/:/sw/pkgs/arc/intel/2022.1.2/compiler/2022.0.2/linux/compiler/lib/intel64_lin/:/sw/pkgs/arc/intel/2022.1.2/compiler/2022.0.2/linux/lib/x64/:/sw/pkgs/arc/intel/2022.1.2/compiler/2022.0.2/linux/lib/:/usr/lib/gcc/x86_64-redhat-linux/8/../../../:/lib/:/usr/lib/
COLLECT_GCC_OPTIONS='-v' '-o' 'cmTC_b2807' '-mtune=generic' '-march=x86-64'
 /usr/libexec/gcc/x86_64-redhat-linux/8/collect2 -plugin /usr/libexec/gcc/x86_64-redhat-linux/8/liblto_plugin.so -plugin-opt=/usr/libexec/gcc/x86_64-redhat-linux/8/lto-wrapper -plugin-opt=-fresolution=/tmp/ccE6rQG3.res -plugin-opt=-pass-through=-lgcc -plugin-opt=-pass-through=-lgcc_s -plugin-opt=-pass-through=-lc -plugin-opt=-pass-through=-lgcc -plugin-opt=-pass-through=-lgcc_s --build-id --no-add-needed --eh-frame-hdr --hash-style=gnu -m elf_x86_64 -dynamic-linker /lib64/ld-linux-x86-64.so.2 -o cmTC_b2807 /usr/lib/gcc/x86_64-redhat-linux/8/../../../../lib64/crt1.o /usr/lib/gcc/x86_64-redhat-linux/8/../../../../lib64/crti.o /usr/lib/gcc/x86_64-redhat-linux/8/crtbegin.o -L/usr/lib/gcc/x86_64-redhat-linux/8 -L/usr/lib/gcc/x86_64-redhat-linux/8/../../../../lib64 -L/lib/../lib64 -L/usr/lib/../lib64 -L/sw/pkgs/arc/intel/2022.1.2/mpi/2021.5.1/libfabric/lib -L/sw/pkgs/arc/intel/2022.1.2/mpi/2021.5.1/lib/release -L/sw/pkgs/arc/intel/2022.1.2/mpi/2021.5.1/lib -L/sw/pkgs/arc/intel/2022.1.2/tbb/2021.5.1/lib/intel64/gcc4.8 -L/sw/pkgs/arc/intel/2022.1.2/compiler/2022.0.2/linux/compiler/lib/intel64_lin -L/sw/pkgs/arc/intel/2022.1.2/compiler/2022.0.2/linux/lib/x64 -L/sw/pkgs/arc/intel/2022.1.2/compiler/2022.0.2/linux/lib -L/usr/lib/gcc/x86_64-redhat-linux/8/../../.. CMakeFiles/cmTC_b2807.dir/CMakeCCompilerABI.c.o -lgcc --as-needed -lgcc_s --no-as-needed -lc -lgcc --as-needed -lgcc_s --no-as-needed /usr/lib/gcc/x86_64-redhat-linux/8/crtend.o /usr/lib/gcc/x86_64-redhat-linux/8/../../../../lib64/crtn.o
COLLECT_GCC_OPTIONS='-v' '-o' 'cmTC_b2807' '-mtune=generic' '-march=x86-64'
gmake[1]: Leaving directory '/home/awwalola/Codes/Calculator/build/CMakeFiles/CMakeTmp'



Parsed C implicit include dir info from above output: rv=done
  found start of include info
  found start of implicit include info
    add: [/sw/pkgs/arc/intel/2022.1.2/mpi/2021.5.1/include]
    add: [/sw/pkgs/arc/intel/2022.1.2/tbb/2021.5.1/include]
    add: [/usr/lib/gcc/x86_64-redhat-linux/8/include]
    add: [/usr/local/include]
    add: [/usr/include]
  end of search list found
  collapse include dir [/sw/pkgs/arc/intel/2022.1.2/mpi/2021.5.1/include] ==> [/sw/pkgs/arc/intel/2022.1.2/mpi/2021.5.1/include]
  collapse include dir [/sw/pkgs/arc/intel/2022.1.2/tbb/2021.5.1/include] ==> [/sw/pkgs/arc/intel/2022.1.2/tbb/2021.5.1/include]
  collapse include dir [/usr/lib/gcc/x86_64-redhat-linux/8/include] ==> [/usr/lib/gcc/x86_64-redhat-linux/8/include]
  collapse include dir [/usr/local/include] ==> [/usr/local/include]
  collapse include dir [/usr/include] ==> [/usr/include]
  implicit include dirs: [/sw/pkgs/arc/intel/2022.1.2/mpi/2021.5.1/include;/sw/pkgs/arc/intel/2022.1.2/tbb/2021.5.1/include;/usr/lib/gcc/x86_64-redhat-linux/8/include;/usr/local/include;/usr/include]


Parsed C implicit link information from above output:
  link line regex: [^( *|.*[/\])(ld|CMAKE_LINK_STARTFILE-NOTFOUND|([^/\]+-)?ld|collect2)[^/\]*( |$)]
  ignore line: [Change Dir: /home/awwalola/Codes/Calculator/build/CMakeFiles/CMakeTmp]
  ignore line: []
  ignore line: [Run Build Command(s):/usr/bin/gmake -f Makefile cmTC_b2807/fast && /usr/bin/gmake  -f CMakeFiles/cmTC_b2807.dir/build.make CMakeFiles/cmTC_b2807.dir/build]
  ignore line: [gmake[1]: Entering directory '/home/awwalola/Codes/Calculator/build/CMakeFiles/CMakeTmp']
  ignore line: [Building C object CMakeFiles/cmTC_b2807.dir/CMakeCCompilerABI.c.o]
  ignore line: [/usr/bin/cc   -v -o CMakeFiles/cmTC_b2807.dir/CMakeCCompilerABI.c.o -c /sw/pkgs/arc/cmake/3.22.2/share/cmake-3.22/Modules/CMakeCCompilerABI.c]
  ignore line: [Using built-in specs.]
  ignore line: [COLLECT_GCC=/usr/bin/cc]
  ignore line: [OFFLOAD_TARGET_NAMES=nvptx-none]
  ignore line: [OFFLOAD_TARGET_DEFAULT=1]
  ignore line: [Target: x86_64-redhat-linux]
  ignore line: [Configured with: ../configure --enable-bootstrap --enable-languages=c c++ fortran lto --prefix=/usr --mandir=/usr/share/man --infodir=/usr/share/info --with-bugurl=http://bugzilla.redhat.com/bugzilla --enable-shared --enable-threads=posix --enable-checking=release --enable-multilib --with-system-zlib --enable-__cxa_atexit --disable-libunwind-exceptions --enable-gnu-unique-object --enable-linker-build-id --with-gcc-major-version-only --with-linker-hash-style=gnu --enable-plugin --enable-initfini-array --with-isl --disable-libmpx --enable-offload-targets=nvptx-none --without-cuda-driver --enable-gnu-indirect-function --enable-cet --with-tune=generic --with-arch_32=x86-64 --build=x86_64-redhat-linux]
  ignore line: [Thread model: posix]
  ignore line: [gcc version 8.5.0 20210514 (Red Hat 8.5.0-10) (GCC) ]
  ignore line: [COLLECT_GCC_OPTIONS='-v' '-o' 'CMakeFiles/cmTC_b2807.dir/CMakeCCompilerABI.c.o' '-c' '-mtune=generic' '-march=x86-64']
  ignore line: [ /usr/libexec/gcc/x86_64-redhat-linux/8/cc1 -quiet -v /sw/pkgs/arc/cmake/3.22.2/share/cmake-3.22/Modules/CMakeCCompilerABI.c -quiet -dumpbase CMakeCCompilerABI.c -mtune=generic -march=x86-64 -auxbase-strip CMakeFiles/cmTC_b2807.dir/CMakeCCompilerABI.c.o -version -o /tmp/ccdWHuNQ.s]
  ignore line: [GNU C17 (GCC) version 8.5.0 20210514 (Red Hat 8.5.0-10) (x86_64-redhat-linux)]
  ignore line: [	compiled by GNU C version 8.5.0 20210514 (Red Hat 8.5.0-10)  GMP version 6.1.2  MPFR version 3.1.6-p2  MPC version 1.1.0  isl version isl-0.16.1-GMP]
  ignore line: []
  ignore line: [GGC heuristics: --param ggc-min-expand=100 --param ggc-min-heapsize=131072]
  ignore line: [ignoring nonexistent directory "/usr/lib/gcc/x86_64-redhat-linux/8/include-fixed"]
  ignore line: [ignoring nonexistent directory "/usr/lib/gcc/x86_64-redhat-linux/8/../../../../x86_64-redhat-linux/include"]
  ignore line: [#include "..." search starts here:]
  ignore line: [#include <...> search starts here:]
  ignore line: [ /sw/pkgs/arc/intel/2022.1.2/mpi/2021.5.1/include]
  ignore line: [ /sw/pkgs/arc/intel/2022.1.2/tbb/2021.5.1/include]
  ignore line: [ /usr/lib/gcc/x86_64-redhat-linux/8/include]
  ignore line: [ /usr/local/include]
  ignore line: [ /usr/include]
  ignore line: [End of search list.]
  ignore line: [GNU C17 (GCC) version 8.5.0 20210514 (Red Hat 8.5.0-10) (x86_64-redhat-linux)]
  ignore line: [	compiled by GNU C version 8.5.0 20210514 (Red Hat 8.5.0-10)  GMP version 6.1.2  MPFR version 3.1.6-p2  MPC version 1.1.0  isl version isl-0.16.1-GMP]
  ignore line: []
  ignore line: [GGC heuristics: --param ggc-min-expand=100 --param ggc-min-heapsize=131072]
  ignore line: [Compiler executable checksum: 7d9bc6b089736b6e8cf6e24d80280a72]
  ignore line: [COLLECT_GCC_OPTIONS='-v' '-o' 'CMakeFiles/cmTC_b2807.dir/CMakeCCompilerABI.c.o' '-c' '-mtune=generic' '-march=x86-64']
  ignore line: [ as -v --64 -o CMakeFiles/cmTC_b2807.dir/CMakeCCompilerABI.c.o /tmp/ccdWHuNQ.s]
  ignore line: [GNU assembler version 2.30 (x86_64-redhat-linux) using BFD version version 2.30-113.el8]
  ignore line: [COMPILER_PATH=/usr/libexec/gcc/x86_64-redhat-linux/8/:/usr/libexec/gcc/x86_64-redhat-linux/8/:/usr/libexec/gcc/x86_64-redhat-linux/:/usr/lib/gcc/x86_64-redhat-linux/8/:/usr/lib/gcc/x86_64-redhat-linux/]
  ignore line: [LIBRARY_PATH=/usr/lib/gcc/x86_64-redhat-linux/8/:/usr/lib/gcc/x86_64-redhat-linux/8/../../../../lib64/:/lib/../lib64/:/usr/lib/../lib64/:/sw/pkgs/arc/intel/2022.1.2/mpi/2021.5.1/libfabric/lib/:/sw/pkgs/arc/intel/2022.1.2/mpi/2021.5.1/lib/release/:/sw/pkgs/arc/intel/2022.1.2/mpi/2021.5.1/lib/:/sw/pkgs/arc/intel/2022.1.2/tbb/2021.5.1/lib/intel64/gcc4.8/:/sw/pkgs/arc/intel/2022.1.2/compiler/2022.0.2/linux/compiler/lib/intel64_lin/:/sw/pkgs/arc/intel/2022.1.2/compiler/2022.0.2/linux/lib/x64/:/sw/pkgs/arc/intel/2022.1.2/compiler/2022.0.2/linux/lib/:/usr/lib/gcc/x86_64-redhat-linux/8/../../../:/lib/:/usr/lib/]
  ignore line: [COLLECT_GCC_OPTIONS='-v' '-o' 'CMakeFiles/cmTC_b2807.dir/CMakeCCompilerABI.c.o' '-c' '-mtune=generic' '-march=x86-64']
  ignore line: [Linking C executable cmTC_b2807]
  ignore line: [/sw/pkgs/arc/cmake/3.22.2/bin/cmake -E cmake_link_script CMakeFiles/cmTC_b2807.dir/link.txt --verbose=1]
  ignore line: [/usr/bin/cc  -v CMakeFiles/cmTC_b2807.dir/CMakeCCompilerABI.c.o -o cmTC_b2807 ]
  ignore line: [Using built-in specs.]
  ignore line: [COLLECT_GCC=/usr/bin/cc]
  ignore line: [COLLECT_LTO_WRAPPER=/usr/libexec/gcc/x86_64-redhat-linux/8/lto-wrapper]
  ignore line: [OFFLOAD_TARGET_NAMES=nvptx-none]
  ignore line: [OFFLOAD_TARGET_DEFAULT=1]
  ignore line: [Target: x86_64-redhat-linux]
  ignore line: [Configured with: ../configure --enable-bootstrap --enable-languages=c c++ fortran lto --prefix=/usr --mandir=/usr/share/man --infodir=/usr/share/info --with-bugurl=http://bugzilla.redhat.com/bugzilla --enable-shared --enable-threads=posix --enable-checking=release --enable-multilib --with-system-zlib --enable-__cxa_atexit --disable-libunwind-exceptions --enable-gnu-unique-object --enable-linker-build-id --with-gcc-major-version-only --with-linker-hash-style=gnu --enable-plugin --enable-initfini-array --with-isl --disable-libmpx --enable-offload-targets=nvptx-none --without-cuda-driver --enable-gnu-indirect-function --enable-cet --with-tune=generic --with-arch_32=x86-64 --build=x86_64-redhat-linux]
  ignore line: [Thread model: posix]
  ignore line: [gcc version 8.5.0 20210514 (Red Hat 8.5.0-10) (GCC) ]
  ignore line: [COMPILER_PATH=/usr/libexec/gcc/x86_64-redhat-linux/8/:/usr/libexec/gcc/x86_64-redhat-linux/8/:/usr/libexec/gcc/x86_64-redhat-linux/:/usr/lib/gcc/x86_64-redhat-linux/8/:/usr/lib/gcc/x86_64-redhat-linux/]
  ignore line: [LIBRARY_PATH=/usr/lib/gcc/x86_64-redhat-linux/8/:/usr/lib/gcc/x86_64-redhat-linux/8/../../../../lib64/:/lib/../lib64/:/usr/lib/../lib64/:/sw/pkgs/arc/intel/2022.1.2/mpi/2021.5.1/libfabric/lib/:/sw/pkgs/arc/intel/2022.1.2/mpi/2021.5.1/lib/release/:/sw/pkgs/arc/intel/2022.1.2/mpi/2021.5.1/lib/:/sw/pkgs/arc/intel/2022.1.2/tbb/2021.5.1/lib/intel64/gcc4.8/:/sw/pkgs/arc/intel/2022.1.2/compiler/2022.0.2/linux/compiler/lib/intel64_lin/:/sw/pkgs/arc/intel/2022.1.2/compiler/2022.0.2/linux/lib/x64/:/sw/pkgs/arc/intel/2022.1.2/compiler/2022.0.2/linux/lib/:/usr/lib/gcc/x86_64-redhat-linux/8/../../../:/lib/:/usr/lib/]
  ignore line: [COLLECT_GCC_OPTIONS='-v' '-o' 'cmTC_b2807' '-mtune=generic' '-march=x86-64']
  link line: [ /usr/libexec/gcc/x86_64-redhat-linux/8/collect2 -plugin /usr/libexec/gcc/x86_64-redhat-linux/8/liblto_plugin.so -plugin-opt=/usr/libexec/gcc/x86_64-redhat-linux/8/lto-wrapper -plugin-opt=-fresolution=/tmp/ccE6rQG3.res -plugin-opt=-pass-through=-lgcc -plugin-opt=-pass-through=-lgcc_s -plugin-opt=-pass-through=-lc -plugin-opt=-pass-through=-lgcc -plugin-opt=-pass-through=-lgcc_s --build-id --no-add-needed --eh-frame-hdr --hash-style=gnu -m elf_x86_64 -dynamic-linker /lib64/ld-linux-x86-64.so.2 -o cmTC_b2807 /usr/lib/gcc/x86_64-redhat-linux/8/../../../../lib64/crt1.o /usr/lib/gcc/x86_64-redhat-linux/8/../../../../lib64/crti.o /usr/lib/gcc/x86_64-redhat-linux/8/crtbegin.o -L/usr/lib/gcc/x86_64-redhat-linux/8 -L/usr/lib/gcc/x86_64-redhat-linux/8/../../../../lib64 -L/lib/../lib64 -L/usr/lib/../lib64 -L/sw/pkgs/arc/intel/2022.1.2/mpi/2021.5.1/libfabric/lib -L/sw/pkgs/arc/intel/2022.1.2/mpi/2021.5.1/lib/release -L/sw/pkgs/arc/intel/2022.1.2/mpi/2021.5.1/lib -L/sw/pkgs/arc/intel/2022.1.2/tbb/2021.5.1/lib/intel64/gcc4.8 -L/sw/pkgs/arc/intel/2022.1.2/compiler/2022.0.2/linux/compiler/lib/intel64_lin -L/sw/pkgs/arc/intel/2022.1.2/compiler/2022.0.2/linux/lib/x64 -L/sw/pkgs/arc/intel/2022.1.2/compiler/2022.0.2/linux/lib -L/usr/lib/gcc/x86_64-redhat-linux/8/../../.. CMakeFiles/cmTC_b2807.dir/CMakeCCompilerABI.c.o -lgcc --as-needed -lgcc_s --no-as-needed -lc -lgcc --as-needed -lgcc_s --no-as-needed /usr/lib/gcc/x86_64-redhat-linux/8/crtend.o /usr/lib/gcc/x86_64-redhat-linux/8/../../../../lib64/crtn.o]
    arg [/usr/libexec/gcc/x86_64-redhat-linux/8/collect2] ==> ignore
    arg [-plugin] ==> ignore
    arg [/usr/libexec/gcc/x86_64-redhat-linux/8/liblto_plugin.so] ==> ignore
    arg [-plugin-opt=/usr/libexec/gcc/x86_64-redhat-linux/8/lto-wrapper] ==> ignore
    arg [-plugin-opt=-fresolution=/tmp/ccE6rQG3.res] ==> ignore
    arg [-plugin-opt=-pass-through=-lgcc] ==> ignore
    arg [-plugin-opt=-pass-through=-lgcc_s] ==> ignore
    arg [-plugin-opt=-pass-through=-lc] ==> ignore
    arg [-plugin-opt=-pass-through=-lgcc] ==> ignore
    arg [-plugin-opt=-pass-through=-lgcc_s] ==> ignore
    arg [--build-id] ==> ignore
    arg [--no-add-needed] ==> ignore
    arg [--eh-frame-hdr] ==> ignore
    arg [--hash-style=gnu] ==> ignore
    arg [-m] ==> ignore
    arg [elf_x86_64] ==> ignore
    arg [-dynamic-linker] ==> ignore
    arg [/lib64/ld-linux-x86-64.so.2] ==> ignore
    arg [-o] ==> ignore
    arg [cmTC_b2807] ==> ignore
    arg [/usr/lib/gcc/x86_64-redhat-linux/8/../../../../lib64/crt1.o] ==> obj [/usr/lib/gcc/x86_64-redhat-linux/8/../../../../lib64/crt1.o]
    arg [/usr/lib/gcc/x86_64-redhat-linux/8/../../../../lib64/crti.o] ==> obj [/usr/lib/gcc/x86_64-redhat-linux/8/../../../../lib64/crti.o]
    arg [/usr/lib/gcc/x86_64-redhat-linux/8/crtbegin.o] ==> obj [/usr/lib/gcc/x86_64-redhat-linux/8/crtbegin.o]
    arg [-L/usr/lib/gcc/x86_64-redhat-linux/8] ==> dir [/usr/lib/gcc/x86_64-redhat-linux/8]
    arg [-L/usr/lib/gcc/x86_64-redhat-linux/8/../../../../lib64] ==> dir [/usr/lib/gcc/x86_64-redhat-linux/8/../../../../lib64]
    arg [-L/lib/../lib64] ==> dir [/lib/../lib64]
    arg [-L/usr/lib/../lib64] ==> dir [/usr/lib/../lib64]
    arg [-L/sw/pkgs/arc/intel/2022.1.2/mpi/2021.5.1/libfabric/lib] ==> dir [/sw/pkgs/arc/intel/2022.1.2/mpi/2021.5.1/libfabric/lib]
    arg [-L/sw/pkgs/arc/intel/2022.1.2/mpi/2021.5.1/lib/release] ==> dir [/sw/pkgs/arc/intel/2022.1.2/mpi/2021.5.1/lib/release]
    arg [-L/sw/pkgs/arc/intel/2022.1.2/mpi/2021.5.1/lib] ==> dir [/sw/pkgs/arc/intel/2022.1.2/mpi/2021.5.1/lib]
    arg [-L/sw/pkgs/arc/intel/2022.1.2/tbb/2021.5.1/lib/intel64/gcc4.8] ==> dir [/sw/pkgs/arc/intel/2022.1.2/tbb/2021.5.1/lib/intel64/gcc4.8]
    arg [-L/sw/pkgs/arc/intel/2022.1.2/compiler/2022.0.2/linux/compiler/lib/intel64_lin] ==> dir [/sw/pkgs/arc/intel/2022.1.2/compiler/2022.0.2/linux/compiler/lib/intel64_lin]
    arg [-L/sw/pkgs/arc/intel/2022.1.2/compiler/2022.0.2/linux/lib/x64] ==> dir [/sw/pkgs/arc/intel/2022.1.2/compiler/2022.0.2/linux/lib/x64]
    arg [-L/sw/pkgs/arc/intel/2022.1.2/compiler/2022.0.2/linux/lib] ==> dir [/sw/pkgs/arc/intel/2022.1.2/compiler/2022.0.2/linux/lib]
    arg [-L/usr/lib/gcc/x86_64-redhat-linux/8/../../..] ==> dir [/usr/lib/gcc/x86_64-redhat-linux/8/../../..]
    arg [CMakeFiles/cmTC_b2807.dir/CMakeCCompilerABI.c.o] ==> ignore
    arg [-lgcc] ==> lib [gcc]
    arg [--as-needed] ==> ignore
    arg [-lgcc_s] ==> lib [gcc_s]
    arg [--no-as-needed] ==> ignore
    arg [-lc] ==> lib [c]
    arg [-lgcc] ==> lib [gcc]
    arg [--as-needed] ==> ignore
    arg [-lgcc_s] ==> lib [gcc_s]
    arg [--no-as-needed] ==> ignore
    arg [/usr/lib/gcc/x86_64-redhat-linux/8/crtend.o] ==> obj [/usr/lib/gcc/x86_64-redhat-linux/8/crtend.o]
    arg [/usr/lib/gcc/x86_64-redhat-linux/8/../../../../lib64/crtn.o] ==> obj [/usr/lib/gcc/x86_64-redhat-linux/8/../../../../lib64/crtn.o]
  collapse obj [/usr/lib/gcc/x86_64-redhat-linux/8/../../../../lib64/crt1.o] ==> [/usr/lib64/crt1.o]
  collapse obj [/usr/lib/gcc/x86_64-redhat-linux/8/../../../../lib64/crti.o] ==> [/usr/lib64/crti.o]
  collapse obj [/usr/lib/gcc/x86_64-redhat-linux/8/../../../../lib64/crtn.o] ==> [/usr/lib64/crtn.o]
  collapse library dir [/usr/lib/gcc/x86_64-redhat-linux/8] ==> [/usr/lib/gcc/x86_64-redhat-linux/8]
  collapse library dir [/usr/lib/gcc/x86_64-redhat-linux/8/../../../../lib64] ==> [/usr/lib64]
  collapse library dir [/lib/../lib64] ==> [/lib64]
  collapse library dir [/usr/lib/../lib64] ==> [/usr/lib64]
  collapse library dir [/sw/pkgs/arc/intel/2022.1.2/mpi/2021.5.1/libfabric/lib] ==> [/sw/pkgs/arc/intel/2022.1.2/mpi/2021.5.1/libfabric/lib]
  collapse library dir [/sw/pkgs/arc/intel/2022.1.2/mpi/2021.5.1/lib/release] ==> [/sw/pkgs/arc/intel/2022.1.2/mpi/2021.5.1/lib/release]
  collapse library dir [/sw/pkgs/arc/intel/2022.1.2/mpi/2021.5.1/lib] ==> [/sw/pkgs/arc/intel/2022.1.2/mpi/2021.5.1/lib]
  collapse library dir [/sw/pkgs/arc/intel/2022.1.2/tbb/2021.5.1/lib/intel64/gcc4.8] ==> [/sw/pkgs/arc/intel/2022.1.2/tbb/2021.5.1/lib/intel64/gcc4.8]
  collapse library dir [/sw/pkgs/arc/intel/2022.1.2/compiler/2022.0.2/linux/compiler/lib/intel64_lin] ==> [/sw/pkgs/arc/intel/2022.1.2/compiler/2022.0.2/linux/compiler/lib/intel64_lin]
  collapse library dir [/sw/pkgs/arc/intel/2022.1.2/compiler/2022.0.2/linux/lib/x64] ==> [/sw/pkgs/arc/intel/2022.1.2/compiler/2022.0.2/linux/lib/x64]
  collapse library dir [/sw/pkgs/arc/intel/2022.1.2/compiler/2022.0.2/linux/lib] ==> [/sw/pkgs/arc/intel/2022.1.2/compiler/2022.0.2/linux/lib]
  collapse library dir [/usr/lib/gcc/x86_64-redhat-linux/8/../../..] ==> [/usr/lib]
  implicit libs: [gcc;gcc_s;c;gcc;gcc_s]
  implicit objs: [/usr/lib64/crt1.o;/usr/lib64/crti.o;/usr/lib/gcc/x86_64-redhat-linux/8/crtbegin.o;/usr/lib/gcc/x86_64-redhat-linux/8/crtend.o;/usr/lib64/crtn.o]
  implicit dirs: [/usr/lib/gcc/x86_64-redhat-linux/8;/usr/lib64;/lib64;/sw/pkgs/arc/intel/2022.1.2/mpi/2021.5.1/libfabric/lib;/sw/pkgs/arc/intel/2022.1.2/mpi/2021.5.1/lib/release;/sw/pkgs/arc/intel/2022.1.2/mpi/2021.5.1/lib;/sw/pkgs/arc/intel/2022.1.2/tbb/2021.5.1/lib/intel64/gcc4.8;/sw/pkgs/arc/intel/2022.1.2/compiler/2022.0.2/linux/compiler/lib/intel64_lin;/sw/pkgs/arc/intel/2022.1.2/compiler/2022.0.2/linux/lib/x64;/sw/pkgs/arc/intel/2022.1.2/compiler/2022.0.2/linux/lib;/usr/lib]
  implicit fwks: []


Compiling the Fortran compiler identification source file "CMakeFortranCompilerId.F" succeeded.
Compiler: /usr/bin/gfortran 
Build flags: 
Id flags: -v 

The output was:
0
Driving: /usr/bin/gfortran -v CMakeFortranCompilerId.F -l gfortran -l m -shared-libgcc
Using built-in specs.
COLLECT_GCC=/usr/bin/gfortran
COLLECT_LTO_WRAPPER=/usr/libexec/gcc/x86_64-redhat-linux/8/lto-wrapper
OFFLOAD_TARGET_NAMES=nvptx-none
OFFLOAD_TARGET_DEFAULT=1
Target: x86_64-redhat-linux
Configured with: ../configure --enable-bootstrap --enable-languages=c,c++,fortran,lto --prefix=/usr --mandir=/usr/share/man --infodir=/usr/share/info --with-bugurl=http://bugzilla.redhat.com/bugzilla --enable-shared --enable-threads=posix --enable-checking=release --enable-multilib --with-system-zlib --enable-__cxa_atexit --disable-libunwind-exceptions --enable-gnu-unique-object --enable-linker-build-id --with-gcc-major-version-only --with-linker-hash-style=gnu --enable-plugin --enable-initfini-array --with-isl --disable-libmpx --enable-offload-targets=nvptx-none --without-cuda-driver --enable-gnu-indirect-function --enable-cet --with-tune=generic --with-arch_32=x86-64 --build=x86_64-redhat-linux
Thread model: posix
gcc version 8.5.0 20210514 (Red Hat 8.5.0-10) (GCC) 
COLLECT_GCC_OPTIONS='-v' '-shared-libgcc' '-mtune=generic' '-march=x86-64'
 /usr/libexec/gcc/x86_64-redhat-linux/8/f951 CMakeFortranCompilerId.F -ffixed-form -cpp=/tmp/ccjy8B0N.f90 -quiet -v CMakeFortranCompilerId.F -quiet -dumpbase CMakeFortranCompilerId.F -mtune=generic -march=x86-64 -auxbase CMakeFortranCompilerId -version -fintrinsic-modules-path /usr/lib/gcc/x86_64-redhat-linux/8/finclude -o /tmp/cc3iwS1m.s
GNU Fortran (GCC) version 8.5.0 20210514 (Red Hat 8.5.0-10) (x86_64-redhat-linux)
	compiled by GNU C version 8.5.0 20210514 (Red Hat 8.5.0-10), GMP version 6.1.2, MPFR version 3.1.6-p2, MPC version 1.1.0, isl version isl-0.16.1-GMP

GGC heuristics: --param ggc-min-expand=100 --param ggc-min-heapsize=131072
ignoring nonexistent directory "/usr/lib/gcc/x86_64-redhat-linux/8/include-fixed"
ignoring nonexistent directory "/usr/lib/gcc/x86_64-redhat-linux/8/../../../../x86_64-redhat-linux/include"
#include "..." search starts here:
#include <...> search starts here:
 /usr/lib/gcc/x86_64-redhat-linux/8/finclude
 /sw/pkgs/arc/intel/2022.1.2/mpi/2021.5.1/include
 /sw/pkgs/arc/intel/2022.1.2/tbb/2021.5.1/include
 /usr/lib/gcc/x86_64-redhat-linux/8/include
 /usr/local/include
 /usr/include
End of search list.
GNU Fortran2008 (GCC) version 8.5.0 20210514 (Red Hat 8.5.0-10) (x86_64-redhat-linux)
	compiled by GNU C version 8.5.0 20210514 (Red Hat 8.5.0-10), GMP version 6.1.2, MPFR version 3.1.6-p2, MPC version 1.1.0, isl version isl-0.16.1-GMP

GGC heuristics: --param ggc-min-expand=100 --param ggc-min-heapsize=131072
COLLECT_GCC_OPTIONS='-v' '-shared-libgcc' '-mtune=generic' '-march=x86-64'
 as -v --64 -o /tmp/ccG8PK0p.o /tmp/cc3iwS1m.s
GNU assembler version 2.30 (x86_64-redhat-linux) using BFD version version 2.30-113.el8
Reading specs from /usr/lib/gcc/x86_64-redhat-linux/8/libgfortran.spec
rename spec lib to liborig
COLLECT_GCC_OPTIONS='-v' '-shared-libgcc' '-mtune=generic' '-march=x86-64'
COMPILER_PATH=/usr/libexec/gcc/x86_64-redhat-linux/8/:/usr/libexec/gcc/x86_64-redhat-linux/8/:/usr/libexec/gcc/x86_64-redhat-linux/:/usr/lib/gcc/x86_64-redhat-linux/8/:/usr/lib/gcc/x86_64-redhat-linux/
LIBRARY_PATH=/usr/lib/gcc/x86_64-redhat-linux/8/:/usr/lib/gcc/x86_64-redhat-linux/8/../../../../lib64/:/lib/../lib64/:/usr/lib/../lib64/:/sw/pkgs/arc/intel/2022.1.2/mpi/2021.5.1/libfabric/lib/:/sw/pkgs/arc/intel/2022.1.2/mpi/2021.5.1/lib/release/:/sw/pkgs/arc/intel/2022.1.2/mpi/2021.5.1/lib/:/sw/pkgs/arc/intel/2022.1.2/tbb/2021.5.1/lib/intel64/gcc4.8/:/sw/pkgs/arc/intel/2022.1.2/compiler/2022.0.2/linux/compiler/lib/intel64_lin/:/sw/pkgs/arc/intel/2022.1.2/compiler/2022.0.2/linux/lib/x64/:/sw/pkgs/arc/intel/2022.1.2/compiler/2022.0.2/linux/lib/:/usr/lib/gcc/x86_64-redhat-linux/8/../../../:/lib/:/usr/lib/
COLLECT_GCC_OPTIONS='-v' '-shared-libgcc' '-mtune=generic' '-march=x86-64'
 /usr/libexec/gcc/x86_64-redhat-linux/8/collect2 -plugin /usr/libexec/gcc/x86_64-redhat-linux/8/liblto_plugin.so -plugin-opt=/usr/libexec/gcc/x86_64-redhat-linux/8/lto-wrapper -plugin-opt=-fresolution=/tmp/ccHbjRfj.res -plugin-opt=-pass-through=-lgcc_s -plugin-opt=-pass-through=-lgcc -plugin-opt=-pass-through=-lquadmath -plugin-opt=-pass-through=-lm -plugin-opt=-pass-through=-lgcc_s -plugin-opt=-pass-through=-lgcc -plugin-opt=-pass-through=-lc -plugin-opt=-pass-through=-lgcc_s -plugin-opt=-pass-through=-lgcc --build-id --no-add-needed --eh-frame-hdr --hash-style=gnu -m elf_x86_64 -dynamic-linker /lib64/ld-linux-x86-64.so.2 /usr/lib/gcc/x86_64-redhat-linux/8/../../../../lib64/crt1.o /usr/lib/gcc/x86_64-redhat-linux/8/../../../../lib64/crti.o /usr/lib/gcc/x86_64-redhat-linux/8/crtbegin.o -L/usr/lib/gcc/x86_64-redhat-linux/8 -L/usr/lib/gcc/x86_64-redhat-linux/8/../../../../lib64 -L/lib/../lib64 -L/usr/lib/../lib64 -L/sw/pkgs/arc/intel/2022.1.2/mpi/2021.5.1/libfabric/lib -L/sw/pkgs/arc/intel/2022.1.2/mpi/2021.5.1/lib/release -L/sw/pkgs/arc/intel/2022.1.2/mpi/2021.5.1/lib -L/sw/pkgs/arc/intel/2022.1.2/tbb/2021.5.1/lib/intel64/gcc4.8 -L/sw/pkgs/arc/intel/2022.1.2/compiler/2022.0.2/linux/compiler/lib/intel64_lin -L/sw/pkgs/arc/intel/2022.1.2/compiler/2022.0.2/linux/lib/x64 -L/sw/pkgs/arc/intel/2022.1.2/compiler/2022.0.2/linux/lib -L/usr/lib/gcc/x86_64-redhat-linux/8/../../.. /tmp/ccG8PK0p.o -lgfortran -lm -lgcc_s -lgcc -lquadmath -lm -lgcc_s -lgcc -lc -lgcc_s -lgcc /usr/lib/gcc/x86_64-redhat-linux/8/crtend.o /usr/lib/gcc/x86_64-redhat-linux/8/../../../../lib64/crtn.o
COLLECT_GCC_OPTIONS='-v' '-shared-libgcc' '-mtune=generic' '-march=x86-64'


Compilation of the Fortran compiler identification source "CMakeFortranCompilerId.F" produced "a.out"

The Fortran compiler identification is GNU, found in "/home/awwalola/Codes/Calculator/build/CMakeFiles/3.22.2/CompilerIdFortran/a.out"

Detecting Fortran compiler ABI info compiled with the following output:
Change Dir: /home/awwalola/Codes/Calculator/build/CMakeFiles/CMakeTmp

Run Build Command(s):/usr/bin/gmake -f Makefile cmTC_5b1ce/fast && /usr/bin/gmake  -f CMakeFiles/cmTC_5b1ce.dir/build.make CMakeFiles/cmTC_5b1ce.dir/build
gmake[1]: Entering directory '/home/awwalola/Codes/Calculator/build/CMakeFiles/CMakeTmp'
Building Fortran object CMakeFiles/cmTC_5b1ce.dir/CMakeFortranCompilerABI.F90.o
/usr/bin/gfortran   -v -c /sw/pkgs/arc/cmake/3.22.2/share/cmake-3.22/Modules/CMakeFortranCompilerABI.F90 -o CMakeFiles/cmTC_5b1ce.dir/CMakeFortranCompilerABI.F90.o
Using built-in specs.
COLLECT_GCC=/usr/bin/gfortran
OFFLOAD_TARGET_NAMES=nvptx-none
OFFLOAD_TARGET_DEFAULT=1
Target: x86_64-redhat-linux
Configured with: ../configure --enable-bootstrap --enable-languages=c,c++,fortran,lto --prefix=/usr --mandir=/usr/share/man --infodir=/usr/share/info --with-bugurl=http://bugzilla.redhat.com/bugzilla --enable-shared --enable-threads=posix --enable-checking=release --enable-multilib --with-system-zlib --enable-__cxa_atexit --disable-libunwind-exceptions --enable-gnu-unique-object --enable-linker-build-id --with-gcc-major-version-only --with-linker-hash-style=gnu --enable-plugin --enable-initfini-array --with-isl --disable-libmpx --enable-offload-targets=nvptx-none --without-cuda-driver --enable-gnu-indirect-function --enable-cet --with-tune=generic --with-arch_32=x86-64 --build=x86_64-redhat-linux
Thread model: posix
gcc version 8.5.0 20210514 (Red Hat 8.5.0-10) (GCC) 
COLLECT_GCC_OPTIONS='-v' '-c' '-o' 'CMakeFiles/cmTC_5b1ce.dir/CMakeFortranCompilerABI.F90.o' '-mtune=generic' '-march=x86-64'
 /usr/libexec/gcc/x86_64-redhat-linux/8/f951 /sw/pkgs/arc/cmake/3.22.2/share/cmake-3.22/Modules/CMakeFortranCompilerABI.F90 -cpp=/tmp/ccuC3UnP.f90 -quiet -v /sw/pkgs/arc/cmake/3.22.2/share/cmake-3.22/Modules/CMakeFortranCompilerABI.F90 -quiet -dumpbase CMakeFortranCompilerABI.F90 -mtune=generic -march=x86-64 -auxbase-strip CMakeFiles/cmTC_5b1ce.dir/CMakeFortranCompilerABI.F90.o -version -fintrinsic-modules-path /usr/lib/gcc/x86_64-redhat-linux/8/finclude -o /tmp/cc3SPX68.s
GNU Fortran (GCC) version 8.5.0 20210514 (Red Hat 8.5.0-10) (x86_64-redhat-linux)
	compiled by GNU C version 8.5.0 20210514 (Red Hat 8.5.0-10), GMP version 6.1.2, MPFR version 3.1.6-p2, MPC version 1.1.0, isl version isl-0.16.1-GMP

GGC heuristics: --param ggc-min-expand=100 --param ggc-min-heapsize=131072
ignoring nonexistent directory "/usr/lib/gcc/x86_64-redhat-linux/8/include-fixed"
ignoring nonexistent directory "/usr/lib/gcc/x86_64-redhat-linux/8/../../../../x86_64-redhat-linux/include"
#include "..." search starts here:
#include <...> search starts here:
 /usr/lib/gcc/x86_64-redhat-linux/8/finclude
 /sw/pkgs/arc/intel/2022.1.2/mpi/2021.5.1/include
 /sw/pkgs/arc/intel/2022.1.2/tbb/2021.5.1/include
 /usr/lib/gcc/x86_64-redhat-linux/8/include
 /usr/local/include
 /usr/include
End of search list.
GNU Fortran2008 (GCC) version 8.5.0 20210514 (Red Hat 8.5.0-10) (x86_64-redhat-linux)
	compiled by GNU C version 8.5.0 20210514 (Red Hat 8.5.0-10), GMP version 6.1.2, MPFR version 3.1.6-p2, MPC version 1.1.0, isl version isl-0.16.1-GMP

GGC heuristics: --param ggc-min-expand=100 --param ggc-min-heapsize=131072
COLLECT_GCC_OPTIONS='-v' '-c' '-o' 'CMakeFiles/cmTC_5b1ce.dir/CMakeFortranCompilerABI.F90.o' '-mtune=generic' '-march=x86-64'
 as -v --64 -o CMakeFiles/cmTC_5b1ce.dir/CMakeFortranCompilerABI.F90.o /tmp/cc3SPX68.s
GNU assembler version 2.30 (x86_64-redhat-linux) using BFD version version 2.30-113.el8
COMPILER_PATH=/usr/libexec/gcc/x86_64-redhat-linux/8/:/usr/libexec/gcc/x86_64-redhat-linux/8/:/usr/libexec/gcc/x86_64-redhat-linux/:/usr/lib/gcc/x86_64-redhat-linux/8/:/usr/lib/gcc/x86_64-redhat-linux/
LIBRARY_PATH=/usr/lib/gcc/x86_64-redhat-linux/8/:/usr/lib/gcc/x86_64-redhat-linux/8/../../../../lib64/:/lib/../lib64/:/usr/lib/../lib64/:/sw/pkgs/arc/intel/2022.1.2/mpi/2021.5.1/libfabric/lib/:/sw/pkgs/arc/intel/2022.1.2/mpi/2021.5.1/lib/release/:/sw/pkgs/arc/intel/2022.1.2/mpi/2021.5.1/lib/:/sw/pkgs/arc/intel/2022.1.2/tbb/2021.5.1/lib/intel64/gcc4.8/:/sw/pkgs/arc/intel/2022.1.2/compiler/2022.0.2/linux/compiler/lib/intel64_lin/:/sw/pkgs/arc/intel/2022.1.2/compiler/2022.0.2/linux/lib/x64/:/sw/pkgs/arc/intel/2022.1.2/compiler/2022.0.2/linux/lib/:/usr/lib/gcc/x86_64-redhat-linux/8/../../../:/lib/:/usr/lib/
COLLECT_GCC_OPTIONS='-v' '-c' '-o' 'CMakeFiles/cmTC_5b1ce.dir/CMakeFortranCompilerABI.F90.o' '-mtune=generic' '-march=x86-64'
Linking Fortran executable cmTC_5b1ce
/sw/pkgs/arc/cmake/3.22.2/bin/cmake -E cmake_link_script CMakeFiles/cmTC_5b1ce.dir/link.txt --verbose=1
/usr/bin/gfortran  -v CMakeFiles/cmTC_5b1ce.dir/CMakeFortranCompilerABI.F90.o -o cmTC_5b1ce 
Driving: /usr/bin/gfortran -v CMakeFiles/cmTC_5b1ce.dir/CMakeFortranCompilerABI.F90.o -o cmTC_5b1ce -l gfortran -l m -shared-libgcc
Using built-in specs.
COLLECT_GCC=/usr/bin/gfortran
COLLECT_LTO_WRAPPER=/usr/libexec/gcc/x86_64-redhat-linux/8/lto-wrapper
OFFLOAD_TARGET_NAMES=nvptx-none
OFFLOAD_TARGET_DEFAULT=1
Target: x86_64-redhat-linux
Configured with: ../configure --enable-bootstrap --enable-languages=c,c++,fortran,lto --prefix=/usr --mandir=/usr/share/man --infodir=/usr/share/info --with-bugurl=http://bugzilla.redhat.com/bugzilla --enable-shared --enable-threads=posix --enable-checking=release --enable-multilib --with-system-zlib --enable-__cxa_atexit --disable-libunwind-exceptions --enable-gnu-unique-object --enable-linker-build-id --with-gcc-major-version-only --with-linker-hash-style=gnu --enable-plugin --enable-initfini-array --with-isl --disable-libmpx --enable-offload-targets=nvptx-none --without-cuda-driver --enable-gnu-indirect-function --enable-cet --with-tune=generic --with-arch_32=x86-64 --build=x86_64-redhat-linux
Thread model: posix
gcc version 8.5.0 20210514 (Red Hat 8.5.0-10) (GCC) 
Reading specs from /usr/lib/gcc/x86_64-redhat-linux/8/libgfortran.spec
rename spec lib to liborig
COLLECT_GCC_OPTIONS='-v' '-o' 'cmTC_5b1ce' '-shared-libgcc' '-mtune=generic' '-march=x86-64'
COMPILER_PATH=/usr/libexec/gcc/x86_64-redhat-linux/8/:/usr/libexec/gcc/x86_64-redhat-linux/8/:/usr/libexec/gcc/x86_64-redhat-linux/:/usr/lib/gcc/x86_64-redhat-linux/8/:/usr/lib/gcc/x86_64-redhat-linux/
LIBRARY_PATH=/usr/lib/gcc/x86_64-redhat-linux/8/:/usr/lib/gcc/x86_64-redhat-linux/8/../../../../lib64/:/lib/../lib64/:/usr/lib/../lib64/:/sw/pkgs/arc/intel/2022.1.2/mpi/2021.5.1/libfabric/lib/:/sw/pkgs/arc/intel/2022.1.2/mpi/2021.5.1/lib/release/:/sw/pkgs/arc/intel/2022.1.2/mpi/2021.5.1/lib/:/sw/pkgs/arc/intel/2022.1.2/tbb/2021.5.1/lib/intel64/gcc4.8/:/sw/pkgs/arc/intel/2022.1.2/compiler/2022.0.2/linux/compiler/lib/intel64_lin/:/sw/pkgs/arc/intel/2022.1.2/compiler/2022.0.2/linux/lib/x64/:/sw/pkgs/arc/intel/2022.1.2/compiler/2022.0.2/linux/lib/:/usr/lib/gcc/x86_64-redhat-linux/8/../../../:/lib/:/usr/lib/
COLLECT_GCC_OPTIONS='-v' '-o' 'cmTC_5b1ce' '-shared-libgcc' '-mtune=generic' '-march=x86-64'
 /usr/libexec/gcc/x86_64-redhat-linux/8/collect2 -plugin /usr/libexec/gcc/x86_64-redhat-linux/8/liblto_plugin.so -plugin-opt=/usr/libexec/gcc/x86_64-redhat-linux/8/lto-wrapper -plugin-opt=-fresolution=/tmp/ccvSd269.res -plugin-opt=-pass-through=-lgcc_s -plugin-opt=-pass-through=-lgcc -plugin-opt=-pass-through=-lquadmath -plugin-opt=-pass-through=-lm -plugin-opt=-pass-through=-lgcc_s -plugin-opt=-pass-through=-lgcc -plugin-opt=-pass-through=-lc -plugin-opt=-pass-through=-lgcc_s -plugin-opt=-pass-through=-lgcc --build-id --no-add-needed --eh-frame-hdr --hash-style=gnu -m elf_x86_64 -dynamic-linker /lib64/ld-linux-x86-64.so.2 -o cmTC_5b1ce /usr/lib/gcc/x86_64-redhat-linux/8/../../../../lib64/crt1.o /usr/lib/gcc/x86_64-redhat-linux/8/../../../../lib64/crti.o /usr/lib/gcc/x86_64-redhat-linux/8/crtbegin.o -L/usr/lib/gcc/x86_64-redhat-linux/8 -L/usr/lib/gcc/x86_64-redhat-linux/8/../../../../lib64 -L/lib/../lib64 -L/usr/lib/../lib64 -L/sw/pkgs/arc/intel/2022.1.2/mpi/2021.5.1/libfabric/lib -L/sw/pkgs/arc/intel/2022.1.2/mpi/2021.5.1/lib/release -L/sw/pkgs/arc/intel/2022.1.2/mpi/2021.5.1/lib -L/sw/pkgs/arc/intel/2022.1.2/tbb/2021.5.1/lib/intel64/gcc4.8 -L/sw/pkgs/arc/intel/2022.1.2/compiler/2022.0.2/linux/compiler/lib/intel64_lin -L/sw/pkgs/arc/intel/2022.1.2/compiler/2022.0.2/linux/lib/x64 -L/sw/pkgs/arc/intel/2022.1.2/compiler/2022.0.2/linux/lib -L/usr/lib/gcc/x86_64-redhat-linux/8/../../.. CMakeFiles/cmTC_5b1ce.dir/CMakeFortranCompilerABI.F90.o -lgfortran -lm -lgcc_s -lgcc -lquadmath -lm -lgcc_s -lgcc -lc -lgcc_s -lgcc /usr/lib/gcc/x86_64-redhat-linux/8/crtend.o /usr/lib/gcc/x86_64-redhat-linux/8/../../../../lib64/crtn.o
COLLECT_GCC_OPTIONS='-v' '-o' 'cmTC_5b1ce' '-shared-libgcc' '-mtune=generic' '-march=x86-64'
gmake[1]: Leaving directory '/home/awwalola/Codes/Calculator/build/CMakeFiles/CMakeTmp'



Parsed Fortran implicit include dir info from above output: rv=done
  found start of include info
  found start of implicit include info
    add: [/usr/lib/gcc/x86_64-redhat-linux/8/finclude]
    add: [/sw/pkgs/arc/intel/2022.1.2/mpi/2021.5.1/include]
    add: [/sw/pkgs/arc/intel/2022.1.2/tbb/2021.5.1/include]
    add: [/usr/lib/gcc/x86_64-redhat-linux/8/include]
    add: [/usr/local/include]
    add: [/usr/include]
  end of search list found
  collapse include dir [/usr/lib/gcc/x86_64-redhat-linux/8/finclude] ==> [/usr/lib/gcc/x86_64-redhat-linux/8/finclude]
  collapse include dir [/sw/pkgs/arc/intel/2022.1.2/mpi/2021.5.1/include] ==> [/sw/pkgs/arc/intel/2022.1.2/mpi/2021.5.1/include]
  collapse include dir [/sw/pkgs/arc/intel/2022.1.2/tbb/2021.5.1/include] ==> [/sw/pkgs/arc/intel/2022.1.2/tbb/2021.5.1/include]
  collapse include dir [/usr/lib/gcc/x86_64-redhat-linux/8/include] ==> [/usr/lib/gcc/x86_64-redhat-linux/8/include]
  collapse include dir [/usr/local/include] ==> [/usr/local/include]
  collapse include dir [/usr/include] ==> [/usr/include]
  implicit include dirs: [/usr/lib/gcc/x86_64-redhat-linux/8/finclude;/sw/pkgs/arc/intel/2022.1.2/mpi/2021.5.1/include;/sw/pkgs/arc/intel/2022.1.2/tbb/2021.5.1/include;/usr/lib/gcc/x86_64-redhat-linux/8/include;/usr/local/include;/usr/include]


Parsed Fortran implicit link information from above output:
  link line regex: [^( *|.*[/\])(ld|CMAKE_LINK_STARTFILE-NOTFOUND|([^/\]+-)?ld|collect2)[^/\]*( |$)]
  ignore line: [Change Dir: /home/awwalola/Codes/Calculator/build/CMakeFiles/CMakeTmp]
  ignore line: []
  ignore line: [Run Build Command(s):/usr/bin/gmake -f Makefile cmTC_5b1ce/fast && /usr/bin/gmake  -f CMakeFiles/cmTC_5b1ce.dir/build.make CMakeFiles/cmTC_5b1ce.dir/build]
  ignore line: [gmake[1]: Entering directory '/home/awwalola/Codes/Calculator/build/CMakeFiles/CMakeTmp']
  ignore line: [Building Fortran object CMakeFiles/cmTC_5b1ce.dir/CMakeFortranCompilerABI.F90.o]
  ignore line: [/usr/bin/gfortran   -v -c /sw/pkgs/arc/cmake/3.22.2/share/cmake-3.22/Modules/CMakeFortranCompilerABI.F90 -o CMakeFiles/cmTC_5b1ce.dir/CMakeFortranCompilerABI.F90.o]
  ignore line: [Using built-in specs.]
  ignore line: [COLLECT_GCC=/usr/bin/gfortran]
  ignore line: [OFFLOAD_TARGET_NAMES=nvptx-none]
  ignore line: [OFFLOAD_TARGET_DEFAULT=1]
  ignore line: [Target: x86_64-redhat-linux]
  ignore line: [Configured with: ../configure --enable-bootstrap --enable-languages=c c++ fortran lto --prefix=/usr --mandir=/usr/share/man --infodir=/usr/share/info --with-bugurl=http://bugzilla.redhat.com/bugzilla --enable-shared --enable-threads=posix --enable-checking=release --enable-multilib --with-system-zlib --enable-__cxa_atexit --disable-libunwind-exceptions --enable-gnu-unique-object --enable-linker-build-id --with-gcc-major-version-only --with-linker-hash-style=gnu --enable-plugin --enable-initfini-array --with-isl --disable-libmpx --enable-offload-targets=nvptx-none --without-cuda-driver --enable-gnu-indirect-function --enable-cet --with-tune=generic --with-arch_32=x86-64 --build=x86_64-redhat-linux]
  ignore line: [Thread model: posix]
  ignore line: [gcc version 8.5.0 20210514 (Red Hat 8.5.0-10) (GCC) ]
  ignore line: [COLLECT_GCC_OPTIONS='-v' '-c' '-o' 'CMakeFiles/cmTC_5b1ce.dir/CMakeFortranCompilerABI.F90.o' '-mtune=generic' '-march=x86-64']
  ignore line: [ /usr/libexec/gcc/x86_64-redhat-linux/8/f951 /sw/pkgs/arc/cmake/3.22.2/share/cmake-3.22/Modules/CMakeFortranCompilerABI.F90 -cpp=/tmp/ccuC3UnP.f90 -quiet -v /sw/pkgs/arc/cmake/3.22.2/share/cmake-3.22/Modules/CMakeFortranCompilerABI.F90 -quiet -dumpbase CMakeFortranCompilerABI.F90 -mtune=generic -march=x86-64 -auxbase-strip CMakeFiles/cmTC_5b1ce.dir/CMakeFortranCompilerABI.F90.o -version -fintrinsic-modules-path /usr/lib/gcc/x86_64-redhat-linux/8/finclude -o /tmp/cc3SPX68.s]
  ignore line: [GNU Fortran (GCC) version 8.5.0 20210514 (Red Hat 8.5.0-10) (x86_64-redhat-linux)]
  ignore line: [	compiled by GNU C version 8.5.0 20210514 (Red Hat 8.5.0-10)  GMP version 6.1.2  MPFR version 3.1.6-p2  MPC version 1.1.0  isl version isl-0.16.1-GMP]
  ignore line: []
  ignore line: [GGC heuristics: --param ggc-min-expand=100 --param ggc-min-heapsize=131072]
  ignore line: [ignoring nonexistent directory "/usr/lib/gcc/x86_64-redhat-linux/8/include-fixed"]
  ignore line: [ignoring nonexistent directory "/usr/lib/gcc/x86_64-redhat-linux/8/../../../../x86_64-redhat-linux/include"]
  ignore line: [#include "..." search starts here:]
  ignore line: [#include <...> search starts here:]
  ignore line: [ /usr/lib/gcc/x86_64-redhat-linux/8/finclude]
  ignore line: [ /sw/pkgs/arc/intel/2022.1.2/mpi/2021.5.1/include]
  ignore line: [ /sw/pkgs/arc/intel/2022.1.2/tbb/2021.5.1/include]
  ignore line: [ /usr/lib/gcc/x86_64-redhat-linux/8/include]
  ignore line: [ /usr/local/include]
  ignore line: [ /usr/include]
  ignore line: [End of search list.]
  ignore line: [GNU Fortran2008 (GCC) version 8.5.0 20210514 (Red Hat 8.5.0-10) (x86_64-redhat-linux)]
  ignore line: [	compiled by GNU C version 8.5.0 20210514 (Red Hat 8.5.0-10)  GMP version 6.1.2  MPFR version 3.1.6-p2  MPC version 1.1.0  isl version isl-0.16.1-GMP]
  ignore line: []
  ignore line: [GGC heuristics: --param ggc-min-expand=100 --param ggc-min-heapsize=131072]
  ignore line: [COLLECT_GCC_OPTIONS='-v' '-c' '-o' 'CMakeFiles/cmTC_5b1ce.dir/CMakeFortranCompilerABI.F90.o' '-mtune=generic' '-march=x86-64']
  ignore line: [ as -v --64 -o CMakeFiles/cmTC_5b1ce.dir/CMakeFortranCompilerABI.F90.o /tmp/cc3SPX68.s]
  ignore line: [GNU assembler version 2.30 (x86_64-redhat-linux) using BFD version version 2.30-113.el8]
  ignore line: [COMPILER_PATH=/usr/libexec/gcc/x86_64-redhat-linux/8/:/usr/libexec/gcc/x86_64-redhat-linux/8/:/usr/libexec/gcc/x86_64-redhat-linux/:/usr/lib/gcc/x86_64-redhat-linux/8/:/usr/lib/gcc/x86_64-redhat-linux/]
  ignore line: [LIBRARY_PATH=/usr/lib/gcc/x86_64-redhat-linux/8/:/usr/lib/gcc/x86_64-redhat-linux/8/../../../../lib64/:/lib/../lib64/:/usr/lib/../lib64/:/sw/pkgs/arc/intel/2022.1.2/mpi/2021.5.1/libfabric/lib/:/sw/pkgs/arc/intel/2022.1.2/mpi/2021.5.1/lib/release/:/sw/pkgs/arc/intel/2022.1.2/mpi/2021.5.1/lib/:/sw/pkgs/arc/intel/2022.1.2/tbb/2021.5.1/lib/intel64/gcc4.8/:/sw/pkgs/arc/intel/2022.1.2/compiler/2022.0.2/linux/compiler/lib/intel64_lin/:/sw/pkgs/arc/intel/2022.1.2/compiler/2022.0.2/linux/lib/x64/:/sw/pkgs/arc/intel/2022.1.2/compiler/2022.0.2/linux/lib/:/usr/lib/gcc/x86_64-redhat-linux/8/../../../:/lib/:/usr/lib/]
  ignore line: [COLLECT_GCC_OPTIONS='-v' '-c' '-o' 'CMakeFiles/cmTC_5b1ce.dir/CMakeFortranCompilerABI.F90.o' '-mtune=generic' '-march=x86-64']
  ignore line: [Linking Fortran executable cmTC_5b1ce]
  ignore line: [/sw/pkgs/arc/cmake/3.22.2/bin/cmake -E cmake_link_script CMakeFiles/cmTC_5b1ce.dir/link.txt --verbose=1]
  ignore line: [/usr/bin/gfortran  -v CMakeFiles/cmTC_5b1ce.dir/CMakeFortranCompilerABI.F90.o -o cmTC_5b1ce ]
  ignore line: [Driving: /usr/bin/gfortran -v CMakeFiles/cmTC_5b1ce.dir/CMakeFortranCompilerABI.F90.o -o cmTC_5b1ce -l gfortran -l m -shared-libgcc]
  ignore line: [Using built-in specs.]
  ignore line: [COLLECT_GCC=/usr/bin/gfortran]
  ignore line: [COLLECT_LTO_WRAPPER=/usr/libexec/gcc/x86_64-redhat-linux/8/lto-wrapper]
  ignore line: [OFFLOAD_TARGET_NAMES=nvptx-none]
  ignore line: [OFFLOAD_TARGET_DEFAULT=1]
  ignore line: [Target: x86_64-redhat-linux]
  ignore line: [Configured with: ../configure --enable-bootstrap --enable-languages=c c++ fortran lto --prefix=/usr --mandir=/usr/share/man --infodir=/usr/share/info --with-bugurl=http://bugzilla.redhat.com/bugzilla --enable-shared --enable-threads=posix --enable-checking=release --enable-multilib --with-system-zlib --enable-__cxa_atexit --disable-libunwind-exceptions --enable-gnu-unique-object --enable-linker-build-id --with-gcc-major-version-only --with-linker-hash-style=gnu --enable-plugin --enable-initfini-array --with-isl --disable-libmpx --enable-offload-targets=nvptx-none --without-cuda-driver --enable-gnu-indirect-function --enable-cet --with-tune=generic --with-arch_32=x86-64 --build=x86_64-redhat-linux]
  ignore line: [Thread model: posix]
  ignore line: [gcc version 8.5.0 20210514 (Red Hat 8.5.0-10) (GCC) ]
  ignore line: [Reading specs from /usr/lib/gcc/x86_64-redhat-linux/8/libgfortran.spec]
  ignore line: [rename spec lib to liborig]
  ignore line: [COLLECT_GCC_OPTIONS='-v' '-o' 'cmTC_5b1ce' '-shared-libgcc' '-mtune=generic' '-march=x86-64']
  ignore line: [COMPILER_PATH=/usr/libexec/gcc/x86_64-redhat-linux/8/:/usr/libexec/gcc/x86_64-redhat-linux/8/:/usr/libexec/gcc/x86_64-redhat-linux/:/usr/lib/gcc/x86_64-redhat-linux/8/:/usr/lib/gcc/x86_64-redhat-linux/]
  ignore line: [LIBRARY_PATH=/usr/lib/gcc/x86_64-redhat-linux/8/:/usr/lib/gcc/x86_64-redhat-linux/8/../../../../lib64/:/lib/../lib64/:/usr/lib/../lib64/:/sw/pkgs/arc/intel/2022.1.2/mpi/2021.5.1/libfabric/lib/:/sw/pkgs/arc/intel/2022.1.2/mpi/2021.5.1/lib/release/:/sw/pkgs/arc/intel/2022.1.2/mpi/2021.5.1/lib/:/sw/pkgs/arc/intel/2022.1.2/tbb/2021.5.1/lib/intel64/gcc4.8/:/sw/pkgs/arc/intel/2022.1.2/compiler/2022.0.2/linux/compiler/lib/intel64_lin/:/sw/pkgs/arc/intel/2022.1.2/compiler/2022.0.2/linux/lib/x64/:/sw/pkgs/arc/intel/2022.1.2/compiler/2022.0.2/linux/lib/:/usr/lib/gcc/x86_64-redhat-linux/8/../../../:/lib/:/usr/lib/]
  ignore line: [COLLECT_GCC_OPTIONS='-v' '-o' 'cmTC_5b1ce' '-shared-libgcc' '-mtune=generic' '-march=x86-64']
  link line: [ /usr/libexec/gcc/x86_64-redhat-linux/8/collect2 -plugin /usr/libexec/gcc/x86_64-redhat-linux/8/liblto_plugin.so -plugin-opt=/usr/libexec/gcc/x86_64-redhat-linux/8/lto-wrapper -plugin-opt=-fresolution=/tmp/ccvSd269.res -plugin-opt=-pass-through=-lgcc_s -plugin-opt=-pass-through=-lgcc -plugin-opt=-pass-through=-lquadmath -plugin-opt=-pass-through=-lm -plugin-opt=-pass-through=-lgcc_s -plugin-opt=-pass-through=-lgcc -plugin-opt=-pass-through=-lc -plugin-opt=-pass-through=-lgcc_s -plugin-opt=-pass-through=-lgcc --build-id --no-add-needed --eh-frame-hdr --hash-style=gnu -m elf_x86_64 -dynamic-linker /lib64/ld-linux-x86-64.so.2 -o cmTC_5b1ce /usr/lib/gcc/x86_64-redhat-linux/8/../../../../lib64/crt1.o /usr/lib/gcc/x86_64-redhat-linux/8/../../../../lib64/crti.o /usr/lib/gcc/x86_64-redhat-linux/8/crtbegin.o -L/usr/lib/gcc/x86_64-redhat-linux/8 -L/usr/lib/gcc/x86_64-redhat-linux/8/../../../../lib64 -L/lib/../lib64 -L/usr/lib/../lib64 -L/sw/pkgs/arc/intel/2022.1.2/mpi/2021.5.1/libfabric/lib -L/sw/pkgs/arc/intel/2022.1.2/mpi/2021.5.1/lib/release -L/sw/pkgs/arc/intel/2022.1.2/mpi/2021.5.1/lib -L/sw/pkgs/arc/intel/2022.1.2/tbb/2021.5.1/lib/intel64/gcc4.8 -L/sw/pkgs/arc/intel/2022.1.2/compiler/2022.0.2/linux/compiler/lib/intel64_lin -L/sw/pkgs/arc/intel/2022.1.2/compiler/2022.0.2/linux/lib/x64 -L/sw/pkgs/arc/intel/2022.1.2/compiler/2022.0.2/linux/lib -L/usr/lib/gcc/x86_64-redhat-linux/8/../../.. CMakeFiles/cmTC_5b1ce.dir/CMakeFortranCompilerABI.F90.o -lgfortran -lm -lgcc_s -lgcc -lquadmath -lm -lgcc_s -lgcc -lc -lgcc_s -lgcc /usr/lib/gcc/x86_64-redhat-linux/8/crtend.o /usr/lib/gcc/x86_64-redhat-linux/8/../../../../lib64/crtn.o]
    arg [/usr/libexec/gcc/x86_64-redhat-linux/8/collect2] ==> ignore
    arg [-plugin] ==> ignore
    arg [/usr/libexec/gcc/x86_64-redhat-linux/8/liblto_plugin.so] ==> ignore
    arg [-plugin-opt=/usr/libexec/gcc/x86_64-redhat-linux/8/lto-wrapper] ==> ignore
    arg [-plugin-opt=-fresolution=/tmp/ccvSd269.res] ==> ignore
    arg [-plugin-opt=-pass-through=-lgcc_s] ==> ignore
    arg [-plugin-opt=-pass-through=-lgcc] ==> ignore
    arg [-plugin-opt=-pass-through=-lquadmath] ==> ignore
    arg [-plugin-opt=-pass-through=-lm] ==> ignore
    arg [-plugin-opt=-pass-through=-lgcc_s] ==> ignore
    arg [-plugin-opt=-pass-through=-lgcc] ==> ignore
    arg [-plugin-opt=-pass-through=-lc] ==> ignore
    arg [-plugin-opt=-pass-through=-lgcc_s] ==> ignore
    arg [-plugin-opt=-pass-through=-lgcc] ==> ignore
    arg [--build-id] ==> ignore
    arg [--no-add-needed] ==> ignore
    arg [--eh-frame-hdr] ==> ignore
    arg [--hash-style=gnu] ==> ignore
    arg [-m] ==> ignore
    arg [elf_x86_64] ==> ignore
    arg [-dynamic-linker] ==> ignore
    arg [/lib64/ld-linux-x86-64.so.2] ==> ignore
    arg [-o] ==> ignore
    arg [cmTC_5b1ce] ==> ignore
    arg [/usr/lib/gcc/x86_64-redhat-linux/8/../../../../lib64/crt1.o] ==> obj [/usr/lib/gcc/x86_64-redhat-linux/8/../../../../lib64/crt1.o]
    arg [/usr/lib/gcc/x86_64-redhat-linux/8/../../../../lib64/crti.o] ==> obj [/usr/lib/gcc/x86_64-redhat-linux/8/../../../../lib64/crti.o]
    arg [/usr/lib/gcc/x86_64-redhat-linux/8/crtbegin.o] ==> obj [/usr/lib/gcc/x86_64-redhat-linux/8/crtbegin.o]
    arg [-L/usr/lib/gcc/x86_64-redhat-linux/8] ==> dir [/usr/lib/gcc/x86_64-redhat-linux/8]
    arg [-L/usr/lib/gcc/x86_64-redhat-linux/8/../../../../lib64] ==> dir [/usr/lib/gcc/x86_64-redhat-linux/8/../../../../lib64]
    arg [-L/lib/../lib64] ==> dir [/lib/../lib64]
    arg [-L/usr/lib/../lib64] ==> dir [/usr/lib/../lib64]
    arg [-L/sw/pkgs/arc/intel/2022.1.2/mpi/2021.5.1/libfabric/lib] ==> dir [/sw/pkgs/arc/intel/2022.1.2/mpi/2021.5.1/libfabric/lib]
    arg [-L/sw/pkgs/arc/intel/2022.1.2/mpi/2021.5.1/lib/release] ==> dir [/sw/pkgs/arc/intel/2022.1.2/mpi/2021.5.1/lib/release]
    arg [-L/sw/pkgs/arc/intel/2022.1.2/mpi/2021.5.1/lib] ==> dir [/sw/pkgs/arc/intel/2022.1.2/mpi/2021.5.1/lib]
    arg [-L/sw/pkgs/arc/intel/2022.1.2/tbb/2021.5.1/lib/intel64/gcc4.8] ==> dir [/sw/pkgs/arc/intel/2022.1.2/tbb/2021.5.1/lib/intel64/gcc4.8]
    arg [-L/sw/pkgs/arc/intel/2022.1.2/compiler/2022.0.2/linux/compiler/lib/intel64_lin] ==> dir [/sw/pkgs/arc/intel/2022.1.2/compiler/2022.0.2/linux/compiler/lib/intel64_lin]
    arg [-L/sw/pkgs/arc/intel/2022.1.2/compiler/2022.0.2/linux/lib/x64] ==> dir [/sw/pkgs/arc/intel/2022.1.2/compiler/2022.0.2/linux/lib/x64]
    arg [-L/sw/pkgs/arc/intel/2022.1.2/compiler/2022.0.2/linux/lib] ==> dir [/sw/pkgs/arc/intel/2022.1.2/compiler/2022.0.2/linux/lib]
    arg [-L/usr/lib/gcc/x86_64-redhat-linux/8/../../..] ==> dir [/usr/lib/gcc/x86_64-redhat-linux/8/../../..]
    arg [CMakeFiles/cmTC_5b1ce.dir/CMakeFortranCompilerABI.F90.o] ==> ignore
    arg [-lgfortran] ==> lib [gfortran]
    arg [-lm] ==> lib [m]
    arg [-lgcc_s] ==> lib [gcc_s]
    arg [-lgcc] ==> lib [gcc]
    arg [-lquadmath] ==> lib [quadmath]
    arg [-lm] ==> lib [m]
    arg [-lgcc_s] ==> lib [gcc_s]
    arg [-lgcc] ==> lib [gcc]
    arg [-lc] ==> lib [c]
    arg [-lgcc_s] ==> lib [gcc_s]
    arg [-lgcc] ==> lib [gcc]
    arg [/usr/lib/gcc/x86_64-redhat-linux/8/crtend.o] ==> obj [/usr/lib/gcc/x86_64-redhat-linux/8/crtend.o]
    arg [/usr/lib/gcc/x86_64-redhat-linux/8/../../../../lib64/crtn.o] ==> obj [/usr/lib/gcc/x86_64-redhat-linux/8/../../../../lib64/crtn.o]
  collapse obj [/usr/lib/gcc/x86_64-redhat-linux/8/../../../../lib64/crt1.o] ==> [/usr/lib64/crt1.o]
  collapse obj [/usr/lib/gcc/x86_64-redhat-linux/8/../../../../lib64/crti.o] ==> [/usr/lib64/crti.o]
  collapse obj [/usr/lib/gcc/x86_64-redhat-linux/8/../../../../lib64/crtn.o] ==> [/usr/lib64/crtn.o]
  collapse library dir [/usr/lib/gcc/x86_64-redhat-linux/8] ==> [/usr/lib/gcc/x86_64-redhat-linux/8]
  collapse library dir [/usr/lib/gcc/x86_64-redhat-linux/8/../../../../lib64] ==> [/usr/lib64]
  collapse library dir [/lib/../lib64] ==> [/lib64]
  collapse library dir [/usr/lib/../lib64] ==> [/usr/lib64]
  collapse library dir [/sw/pkgs/arc/intel/2022.1.2/mpi/2021.5.1/libfabric/lib] ==> [/sw/pkgs/arc/intel/2022.1.2/mpi/2021.5.1/libfabric/lib]
  collapse library dir [/sw/pkgs/arc/intel/2022.1.2/mpi/2021.5.1/lib/release] ==> [/sw/pkgs/arc/intel/2022.1.2/mpi/2021.5.1/lib/release]
  collapse library dir [/sw/pkgs/arc/intel/2022.1.2/mpi/2021.5.1/lib] ==> [/sw/pkgs/arc/intel/2022.1.2/mpi/2021.5.1/lib]
  collapse library dir [/sw/pkgs/arc/intel/2022.1.2/tbb/2021.5.1/lib/intel64/gcc4.8] ==> [/sw/pkgs/arc/intel/2022.1.2/tbb/2021.5.1/lib/intel64/gcc4.8]
  collapse library dir [/sw/pkgs/arc/intel/2022.1.2/compiler/2022.0.2/linux/compiler/lib/intel64_lin] ==> [/sw/pkgs/arc/intel/2022.1.2/compiler/2022.0.2/linux/compiler/lib/intel64_lin]
  collapse library dir [/sw/pkgs/arc/intel/2022.1.2/compiler/2022.0.2/linux/lib/x64] ==> [/sw/pkgs/arc/intel/2022.1.2/compiler/2022.0.2/linux/lib/x64]
  collapse library dir [/sw/pkgs/arc/intel/2022.1.2/compiler/2022.0.2/linux/lib] ==> [/sw/pkgs/arc/intel/2022.1.2/compiler/2022.0.2/linux/lib]
  collapse library dir [/usr/lib/gcc/x86_64-redhat-linux/8/../../..] ==> [/usr/lib]
  implicit libs: [gfortran;m;gcc_s;gcc;quadmath;m;gcc_s;gcc;c;gcc_s;gcc]
  implicit objs: [/usr/lib64/crt1.o;/usr/lib64/crti.o;/usr/lib/gcc/x86_64-redhat-linux/8/crtbegin.o;/usr/lib/gcc/x86_64-redhat-linux/8/crtend.o;/usr/lib64/crtn.o]
  implicit dirs: [/usr/lib/gcc/x86_64-redhat-linux/8;/usr/lib64;/lib64;/sw/pkgs/arc/intel/2022.1.2/mpi/2021.5.1/libfabric/lib;/sw/pkgs/arc/intel/2022.1.2/mpi/2021.5.1/lib/release;/sw/pkgs/arc/intel/2022.1.2/mpi/2021.5.1/lib;/sw/pkgs/arc/intel/2022.1.2/tbb/2021.5.1/lib/intel64/gcc4.8;/sw/pkgs/arc/intel/2022.1.2/compiler/2022.0.2/linux/compiler/lib/intel64_lin;/sw/pkgs/arc/intel/2022.1.2/compiler/2022.0.2/linux/lib/x64;/sw/pkgs/arc/intel/2022.1.2/compiler/2022.0.2/linux/lib;/usr/lib]
  implicit fwks: []


Determining if the function round exists in the m passed with the following output:
Change Dir: /home/awwalola/Codes/Calculator/build/CMakeFiles/CMakeTmp

Run Build Command(s):/usr/bin/gmake -f Makefile cmTC_041e7/fast && /usr/bin/gmake  -f CMakeFiles/cmTC_041e7.dir/build.make CMakeFiles/cmTC_041e7.dir/build
gmake[1]: Entering directory '/home/awwalola/Codes/Calculator/build/CMakeFiles/CMakeTmp'
Building C object CMakeFiles/cmTC_041e7.dir/CheckFunctionExists.c.o
/usr/bin/cc   -DCHECK_FUNCTION_EXISTS=round -o CMakeFiles/cmTC_041e7.dir/CheckFunctionExists.c.o -c /sw/pkgs/arc/cmake/3.22.2/share/cmake-3.22/Modules/CheckFunctionExists.c
<command-line>: warning: conflicting types for built-in function round [-Wbuiltin-declaration-mismatch]
/sw/pkgs/arc/cmake/3.22.2/share/cmake-3.22/Modules/CheckFunctionExists.c:7:3: note: in expansion of macro CHECK_FUNCTION_EXISTS
   CHECK_FUNCTION_EXISTS(void);
   ^~~~~~~~~~~~~~~~~~~~~
Linking C executable cmTC_041e7
/sw/pkgs/arc/cmake/3.22.2/bin/cmake -E cmake_link_script CMakeFiles/cmTC_041e7.dir/link.txt --verbose=1
/usr/bin/cc   -DCHECK_FUNCTION_EXISTS=round CMakeFiles/cmTC_041e7.dir/CheckFunctionExists.c.o -o cmTC_041e7  -lm 
gmake[1]: Leaving directory '/home/awwalola/Codes/Calculator/build/CMakeFiles/CMakeTmp'



